
> app-next@0.0.0 start
> ng serve --host 127.0.0.1 --port 4200

[33m>[39m Building...
[32m√[39m Building...
[1mInitial chunk files[22m[2m | [22m[1mNames[22m        [2m | [22m [1mRaw size[22m
[32mmain.js[39m            [2m | [22m[2mmain[22m         [2m | [22m[36m946.67 kB[39m[2m | [22m
[32mstyles.css[39m         [2m | [22m[2mstyles[22m       [2m | [22m  [36m1.24 kB[39m[2m | [22m

[1m [22m                  [2m | [22m[1mInitial total[22m[2m | [22m[1m947.91 kB[22m

Application bundle generation complete. [5.618 seconds] - 2026-07-01T09:35:57.559Z

Watch mode enabled. Watching for file changes...
NOTE: Raw file sizes do not reflect development server per-request transformations.
  [32m➜[39m  [1mLocal[22m:   [36mhttp://127.0.0.1:[1m4200[22m/[39m
[33m>[39m Changes detected. Rebuilding...
[32m√[39m Changes detected. Rebuilding...
Application bundle generation failed. [5.405 seconds] - 2026-07-01T16:01:14.064Z

[33m>[39m Changes detected. Rebuilding...
[32m√[39m Changes detected. Rebuilding...
[1mInitial chunk files[22m[2m | [22m[1mNames[22m        [2m | [22m [1mRaw size[22m
[32mmain.js[39m            [2m | [22m[2mmain[22m         [2m | [22m[36m946.46 kB[39m[2m | [22m
[32mstyles.css[39m         [2m | [22m[2mstyles[22m       [2m | [22m  [36m1.24 kB[39m[2m | [22m

[1m [22m                  [2m | [22m[1mInitial total[22m[2m | [22m[1m947.70 kB[22m

Application bundle generation complete. [0.680 seconds] - 2026-07-01T16:02:38.878Z

Page reload sent to client(s).
[33m>[39m Changes detected. Rebuilding...
[32m√[39m Changes detected. Rebuilding...
[1mInitial chunk files[22m[2m | [22m[1mNames[22m[2m | [22m [1mRaw size[22m
[32mmain.js[39m            [2m | [22m[2mmain[22m [2m | [22m[36m947.38 kB[39m[2m | [22m

Application bundle generation complete. [0.707 seconds] - 2026-07-01T16:03:22.250Z

Component update sent to client(s).
[33m>[39m Changes detected. Rebuilding...
[32m√[39m Changes detected. Rebuilding...
[1mInitial chunk files[22m[2m | [22m[1mNames[22m[2m | [22m [1mRaw size[22m
[32mmain.js[39m            [2m | [22m[2mmain[22m [2m | [22m[36m957.65 kB[39m[2m | [22m

Application bundle generation complete. [7.067 seconds] - 2026-07-02T02:35:47.961Z

Page reload sent to client(s).
[33m>[39m Changes detected. Rebuilding...
[32m√[39m Changes detected. Rebuilding...
[1mInitial chunk files[22m[2m | [22m[1mNames[22m[2m | [22m [1mRaw size[22m
[32mmain.js[39m            [2m | [22m[2mmain[22m [2m | [22m[36m951.98 kB[39m[2m | [22m

Application bundle generation complete. [0.334 seconds] - 2026-07-02T02:36:58.453Z

Page reload sent to client(s).
[33m>[39m Changes detected. Rebuilding...
[32m√[39m Changes detected. Rebuilding...
Application bundle generation failed. [1.081 seconds] - 2026-07-02T02:37:53.424Z

[33m>[39m Changes detected. Rebuilding...
[32m√[39m Changes detected. Rebuilding...
[1mInitial chunk files[22m[2m | [22m[1mNames[22m        [2m | [22m [1mRaw size[22m
[32mmain.js[39m            [2m | [22m[2mmain[22m         [2m | [22m[36m947.25 kB[39m[2m | [22m
[32mstyles.css[39m         [2m | [22m[2mstyles[22m       [2m | [22m  [36m1.24 kB[39m[2m | [22m

[1m [22m                  [2m | [22m[1mInitial total[22m[2m | [22m[1m948.48 kB[22m

Application bundle generation complete. [0.769 seconds] - 2026-07-02T02:38:08.064Z

Page reload sent to client(s).
[33m>[39m Changes detected. Rebuilding...
[32m√[39m Changes detected. Rebuilding...
[1mInitial chunk files[22m[2m | [22m[1mNames[22m[2m | [22m [1mRaw size[22m
[32mmain.js[39m            [2m | [22m[2mmain[22m [2m | [22m[36m936.73 kB[39m[2m | [22m

Application bundle generation complete. [0.619 seconds] - 2026-07-02T02:39:19.095Z

Page reload sent to client(s).
[33m>[39m Changes detected. Rebuilding...
[32m√[39m Changes detected. Rebuilding...
Application bundle generation failed. [0.452 seconds] - 2026-07-02T02:39:36.779Z

[33m>[39m Changes detected. Rebuilding...
[32m√[39m Changes detected. Rebuilding...
Application bundle generation failed. [0.531 seconds] - 2026-07-02T02:40:13.443Z

[33m>[39m Changes detected. Rebuilding...
[32m√[39m Changes detected. Rebuilding...
Application bundle generation failed. [0.382 seconds] - 2026-07-02T02:40:20.993Z

[33m>[39m Changes detected. Rebuilding...
[32m√[39m Changes detected. Rebuilding...
[1mInitial chunk files[22m[2m | [22m[1mNames[22m        [2m | [22m [1mRaw size[22m
[32mmain.js[39m            [2m | [22m[2mmain[22m         [2m | [22m[36m935.56 kB[39m[2m | [22m
[32mstyles.css[39m         [2m | [22m[2mstyles[22m       [2m | [22m  [36m1.24 kB[39m[2m | [22m

[1m [22m                  [2m | [22m[1mInitial total[22m[2m | [22m[1m936.80 kB[22m

Application bundle generation complete. [0.785 seconds] - 2026-07-02T02:41:18.275Z

Page reload sent to client(s).
[33m>[39m Changes detected. Rebuilding...
[32m√[39m Changes detected. Rebuilding...
[1mInitial chunk files[22m[2m | [22m[1mNames[22m                               [2m | [22m [1mRaw size[22m
[32mchunk-HUGGVMCI.js[39m  [2m | [22m[2m-[22m                                   [2m | [22m[36m208.78 kB[39m[2m | [22m
[32mchunk-ORTICHJ3.js[39m  [2m | [22m[2m-[22m                                   [2m | [22m [36m66.81 kB[39m[2m | [22m
[32mmain.js[39m            [2m | [22m[2mmain[22m                                [2m | [22m [36m38.55 kB[39m[2m | [22m
[32mchunk-BZEP726W.js[39m  [2m | [22m[2m-[22m                                   [2m | [22m [36m25.24 kB[39m[2m | [22m
[32mchunk-VNPG7TXT.js[39m  [2m | [22m[2m-[22m                                   [2m | [22m [36m18.42 kB[39m[2m | [22m
[32mchunk-C5CDUMKD.js[39m  [2m | [22m[2m-[22m                                   [2m | [22m [36m17.07 kB[39m[2m | [22m
[32mchunk-F6UQB34R.js[39m  [2m | [22m[2m-[22m                                   [2m | [22m [36m10.85 kB[39m[2m | [22m
[32mchunk-2GZUITKW.js[39m  [2m | [22m[2m-[22m                                   [2m | [22m  [36m5.96 kB[39m[2m | [22m
[32mchunk-VCUX2HSS.js[39m  [2m | [22m[2m-[22m                                   [2m | [22m  [36m1.94 kB[39m[2m | [22m
[32mchunk-GOMI4DH3.js[39m  [2m | [22m[2m-[22m                                   [2m | [22m  [36m1.37 kB[39m[2m | [22m

[1mLazy chunk files[22m   [2m | [22m[1mNames[22m                               [2m | [22m [1mRaw size[22m
[32mchunk-QPQD4AR3.js[39m  [2m | [22m[2mgeometry-lot-page-component[22m         [2m | [22m [36m92.20 kB[39m[2m | [22m
[32mchunk-YANMGF37.js[39m  [2m | [22m[2mprocessing-page-component[22m           [2m | [22m [36m87.83 kB[39m[2m | [22m
[32mchunk-RPPIF4HR.js[39m  [2m | [22m[2msource-intake-page-component[22m        [2m | [22m [36m73.14 kB[39m[2m | [22m
[32mchunk-N4U7Y3RN.js[39m  [2m | [22m[2mconstruction-page-component[22m         [2m | [22m [36m68.08 kB[39m[2m | [22m
[32mchunk-HYGERMXM.js[39m  [2m | [22m[2msimulation-foundation-page-component[22m[2m | [22m [36m57.15 kB[39m[2m | [22m
[32mchunk-WPRODW2C.js[39m  [2m | [22m[2mverification-page-component[22m         [2m | [22m [36m46.13 kB[39m[2m | [22m
[32mchunk-MLLKAR6B.js[39m  [2m | [22m[2mgallery-page-component[22m              [2m | [22m [36m43.74 kB[39m[2m | [22m
[32mchunk-H7C6IEXF.js[39m  [2m | [22m[2mgeneration-seeds-page-component[22m     [2m | [22m [36m31.31 kB[39m[2m | [22m
[32mchunk-G7XLMMAC.js[39m  [2m | [22m[2mreporting-baseline-page-component[22m   [2m | [22m [36m23.84 kB[39m[2m | [22m
[32mchunk-XDCSZGAD.js[39m  [2m | [22m[2mfoundation-page-component[22m           [2m | [22m [36m16.97 kB[39m[2m | [22m

Application bundle generation complete. [3.679 seconds] - 2026-07-02T02:52:12.496Z

Page reload sent to client(s).
[33m>[39m Changes detected. Rebuilding...
[32m√[39m Changes detected. Rebuilding...
[1mInitial chunk files[22m[2m | [22m[1mNames[22m[2m | [22m[1mRaw size[22m
[32mmain.js[39m            [2m | [22m[2mmain[22m [2m | [22m[36m39.90 kB[39m[2m | [22m

Application bundle generation complete. [6.382 seconds] - 2026-07-02T02:57:14.508Z

Page reload sent to client(s).
[33m>[39m Changes detected. Rebuilding...
[32m√[39m Changes detected. Rebuilding...
[1mInitial chunk files[22m[2m | [22m[1mNames[22m[2m | [22m[1mRaw size[22m
[32mmain.js[39m            [2m | [22m[2mmain[22m [2m | [22m[36m38.98 kB[39m[2m | [22m

Application bundle generation complete. [0.672 seconds] - 2026-07-02T02:57:24.483Z

Component update sent to client(s).
[33m>[39m Changes detected. Rebuilding...
[32m√[39m Changes detected. Rebuilding...
[1mInitial chunk files[22m[2m | [22m[1mNames[22m[2m | [22m[1mRaw size[22m
[32mmain.js[39m            [2m | [22m[2mmain[22m [2m | [22m[36m44.06 kB[39m[2m | [22m

Application bundle generation complete. [0.700 seconds] - 2026-07-02T02:57:54.046Z

Component update sent to client(s).
[33m>[39m Changes detected. Rebuilding...
[32m√[39m Changes detected. Rebuilding...
[1mInitial chunk files[22m[2m | [22m[1mNames[22m[2m | [22m[1mRaw size[22m
[32mmain.js[39m            [2m | [22m[2mmain[22m [2m | [22m[36m44.70 kB[39m[2m | [22m

Application bundle generation complete. [4.808 seconds] - 2026-07-02T03:01:22.339Z

Page reload sent to client(s).
[33m>[39m Changes detected. Rebuilding...
[32m√[39m Changes detected. Rebuilding...
[1mInitial chunk files[22m[2m | [22m[1mNames[22m[2m | [22m[1mRaw size[22m
[32mmain.js[39m            [2m | [22m[2mmain[22m [2m | [22m[36m45.73 kB[39m[2m | [22m

Application bundle generation complete. [1.292 seconds] - 2026-07-02T03:01:30.203Z

Component update sent to client(s).
[33m>[39m Changes detected. Rebuilding...
[32m√[39m Changes detected. Rebuilding...
Application bundle generation failed. [0.490 seconds] - 2026-07-02T03:01:31.742Z

[33m>[39m Changes detected. Rebuilding...
[32m√[39m Changes detected. Rebuilding...
Application bundle generation failed. [0.001 seconds] - 2026-07-02T03:02:19.719Z

