[1m[31m[31mX [41;31m[[41;97mERROR[41;31m][0m [1mTS2339: Property 'metricRows' does not exist on type 'SimulationFoundationPageComponent'.[0m [1m[35m[plugin angular-compiler][0m

    src/app/features/simulation-foundation/pages/simulation-foundation-page.component.html:13:34:
[37m      13 │ ...   <div *ngFor="let row of [32mmetricRows[37m()" class="simulation-metr...
         ╵                               [32m~~~~~~~~~~[0m

  Error occurs in the template of component SimulationFoundationPageComponent.

    src/app/features/simulation-foundation/pages/simulation-foundation-page.component.ts:50:15:
[37m      50 │   templateUrl: [32m'./simulation-foundation-page.component.html'[37m,
         ╵                [32m~~~~~~~~~~~~~~~~~~~~~~~~~~~~~~~~~~~~~~~~~~~~~[0m


[31mX [41;31m[[41;97mERROR[41;31m][0m [1mTS2339: Property 'isActive' does not exist on type 'SimulationCoreRow'.[0m [1m[35m[plugin angular-compiler][0m

    src/app/features/simulation-foundation/pages/simulation-foundation-page.component.html:24:54:
[37m      24 │             [class.simulation-instance--active]="core.[32misActive[37m"
         ╵                                                       [32m~~~~~~~~[0m

  Error occurs in the template of component SimulationFoundationPageComponent.

    src/app/features/simulation-foundation/pages/simulation-foundation-page.component.ts:50:15:
[37m      50 │   templateUrl: [32m'./simulation-foundation-page.component.html'[37m,
         ╵                [32m~~~~~~~~~~~~~~~~~~~~~~~~~~~~~~~~~~~~~~~~~~~~~[0m

[39m[22m
[1m[31m[31mX [41;31m[[41;97mERROR[41;31m][0m [1mTS2339: Property 'provisionalArguments' does not exist on type 'ProcessingPageComponent'.[0m [1m[35m[plugin angular-compiler][0m

    src/app/features/processing/pages/processing-page.component.ts:332:47:
[37m      332 │ ...o axis', value: this.[32mprovisionalArguments[37m.snapToAxis ? 'Yes' :...
          ╵                         [32m~~~~~~~~~~~~~~~~~~~~[0m


[31mX [41;31m[[41;97mERROR[41;31m][0m [1mTS2339: Property 'provisionalArguments' does not exist on type 'ProcessingPageComponent'.[0m [1m[35m[plugin angular-compiler][0m

    src/app/features/processing/pages/processing-page.component.ts:333:49:
[37m      333 │ ...sector', value: this.[32mprovisionalArguments[37m.looseBisector ? 'Yes...
          ╵                         [32m~~~~~~~~~~~~~~~~~~~~[0m


[31mX [41;31m[[41;97mERROR[41;31m][0m [1mTS2339: Property 'provisionalArguments' does not exist on type 'ProcessingPageComponent'.[0m [1m[35m[plugin angular-compiler][0m

    src/app/features/processing/pages/processing-page.component.ts:334:54:
[37m      334 │ ... scale', value: this.[32mprovisionalArguments[37m.fillerWeightScale.to...
          ╵                         [32m~~~~~~~~~~~~~~~~~~~~[0m


[31mX [41;31m[[41;97mERROR[41;31m][0m [1mTS2339: Property 'provisionalArguments' does not exist on type 'ProcessingPageComponent'.[0m [1m[35m[plugin angular-compiler][0m

    src/app/features/processing/pages/processing-page.component.ts:335:55:
[37m      335 │ ... scale', value: this.[32mprovisionalArguments[37m.hallwayWeightScale.t...
          ╵                         [32m~~~~~~~~~~~~~~~~~~~~[0m


[31mX [41;31m[[41;97mERROR[41;31m][0m [1mTS2339: Property 'hallwayArguments' does not exist on type 'ProcessingPageComponent'.[0m [1m[35m[plugin angular-compiler][0m

    src/app/features/processing/pages/processing-page.component.ts:352:52:
[37m      352 │ ...arget', value: `${this.[32mhallwayArguments[37m.hallwayTargetSquareMet...
          ╵                           [32m~~~~~~~~~~~~~~~~[0m


[31mX [41;31m[[41;97mERROR[41;31m][0m [1mTS2339: Property 'hallwayArguments' does not exist on type 'ProcessingPageComponent'.[0m [1m[35m[plugin angular-compiler][0m

    src/app/features/processing/pages/processing-page.component.ts:353:53:
[37m      353 │ ...ltiplier', value: this.[32mhallwayArguments[37m.spacingMultiplier.toFi...
          ╵                           [32m~~~~~~~~~~~~~~~~[0m


[31mX [41;31m[[41;97mERROR[41;31m][0m [1mTS2339: Property 'hallwayArguments' does not exist on type 'ProcessingPageComponent'.[0m [1m[35m[plugin angular-compiler][0m

    src/app/features/processing/pages/processing-page.component.ts:354:54:
[37m      354 │ ... area', value: `${this.[32mhallwayArguments[37m.minHallwayAreaSquareMe...
          ╵                           [32m~~~~~~~~~~~~~~~~[0m


[31mX [41;31m[[41;97mERROR[41;31m][0m [1mTS2339: Property 'hallwayArguments' does not exist on type 'ProcessingPageComponent'.[0m [1m[35m[plugin angular-compiler][0m

    src/app/features/processing/pages/processing-page.component.ts:355:50:
[37m      355 │ ...ift gain', value: this.[32mhallwayArguments[37m.roomDriftGain.toFixed(...
          ╵                           [32m~~~~~~~~~~~~~~~~[0m


[31mX [41;31m[[41;97mERROR[41;31m][0m [1mTS2551: Property 'warpedDiagnosticArguments' does not exist on type 'ProcessingPageComponent'. Did you mean 'warpedDiagnosticResult'?[0m [1m[35m[plugin angular-compiler][0m

    src/app/features/processing/pages/processing-page.component.ts:376:49:
[37m      376 │ ...gain', value: this.[32mwarpedDiagnosticArguments[37m.rebalanceGain.toF...
          ╵                       [32m~~~~~~~~~~~~~~~~~~~~~~~~~[0m

  'warpedDiagnosticResult' is declared here.

    src/app/features/processing/pages/processing-page.component.ts:108:21:
[37m      108 │   protected readonly [32mwarpedDiagnosticResult[37m = computed(() => this...
          ╵                      [32m~~~~~~~~~~~~~~~~~~~~~~[0m


[31mX [41;31m[[41;97mERROR[41;31m][0m [1mTS2551: Property 'warpedDiagnosticArguments' does not exist on type 'ProcessingPageComponent'. Did you mean 'warpedDiagnosticResult'?[0m [1m[35m[plugin angular-compiler][0m

    src/app/features/processing/pages/processing-page.component.ts:377:51:
[37m      377 │ ...tion', value: this.[32mwarpedDiagnosticArguments[37m.stableDeviation.t...
          ╵                       [32m~~~~~~~~~~~~~~~~~~~~~~~~~[0m

  'warpedDiagnosticResult' is declared here.

    src/app/features/processing/pages/processing-page.component.ts:108:21:
[37m      108 │   protected readonly [32mwarpedDiagnosticResult[37m = computed(() => this...
          ╵                      [32m~~~~~~~~~~~~~~~~~~~~~~[0m


[31mX [41;31m[[41;97mERROR[41;31m][0m [1mTS2551: Property 'warpedDiagnosticArguments' does not exist on type 'ProcessingPageComponent'. Did you mean 'warpedDiagnosticResult'?[0m [1m[35m[plugin angular-compiler][0m

    src/app/features/processing/pages/processing-page.component.ts:378:50:
[37m      378 │ ...gain', value: this.[32mwarpedDiagnosticArguments[37m.roomDriftGain.toF...
          ╵                       [32m~~~~~~~~~~~~~~~~~~~~~~~~~[0m

  'warpedDiagnosticResult' is declared here.

    src/app/features/processing/pages/processing-page.component.ts:108:21:
[37m      108 │   protected readonly [32mwarpedDiagnosticResult[37m = computed(() => this...
          ╵                      [32m~~~~~~~~~~~~~~~~~~~~~~[0m


[31mX [41;31m[[41;97mERROR[41;31m][0m [1mTS2551: Property 'warpedDiagnosticArguments' does not exist on type 'ProcessingPageComponent'. Did you mean 'warpedDiagnosticResult'?[0m [1m[35m[plugin angular-compiler][0m

    src/app/features/processing/pages/processing-page.component.ts:379:53:
[37m      379 │ ...gain', value: this.[32mwarpedDiagnosticArguments[37m.hallwayDriftGain....
          ╵                       [32m~~~~~~~~~~~~~~~~~~~~~~~~~[0m

  'warpedDiagnosticResult' is declared here.

    src/app/features/processing/pages/processing-page.component.ts:108:21:
[37m      108 │   protected readonly [32mwarpedDiagnosticResult[37m = computed(() => this...
          ╵                      [32m~~~~~~~~~~~~~~~~~~~~~~[0m


[31mX [41;31m[[41;97mERROR[41;31m][0m [1mTS2551: Property 'uvEdgeNegotiationArguments' does not exist on type 'ProcessingPageComponent'. Did you mean 'uvEdgeNegotiationResult'?[0m [1m[35m[plugin angular-compiler][0m

    src/app/features/processing/pages/processing-page.component.ts:413:49:
[37m      413 │ ...old', value: this.[32muvEdgeNegotiationArguments[37m.snapThreshold.toF...
          ╵                      [32m~~~~~~~~~~~~~~~~~~~~~~~~~~[0m

  'uvEdgeNegotiationResult' is declared here.

    src/app/features/processing/pages/processing-page.component.ts:109:21:
[37m      109 │   protected readonly [32muvEdgeNegotiationResult[37m = computed(() => thi...
          ╵                      [32m~~~~~~~~~~~~~~~~~~~~~~~[0m


[31mX [41;31m[[41;97mERROR[41;31m][0m [1mTS2551: Property 'uvEdgeNegotiationArguments' does not exist on type 'ProcessingPageComponent'. Did you mean 'uvEdgeNegotiationResult'?[0m [1m[35m[plugin angular-compiler][0m

    src/app/features/processing/pages/processing-page.component.ts:414:56:
[37m      414 │ ...ier', value: this.[32muvEdgeNegotiationArguments[37m.majorAxisSnapMult...
          ╵                      [32m~~~~~~~~~~~~~~~~~~~~~~~~~~[0m

  'uvEdgeNegotiationResult' is declared here.

    src/app/features/processing/pages/processing-page.component.ts:109:21:
[37m      109 │   protected readonly [32muvEdgeNegotiationResult[37m = computed(() => thi...
          ╵                      [32m~~~~~~~~~~~~~~~~~~~~~~~[0m


[31mX [41;31m[[41;97mERROR[41;31m][0m [1mTS2551: Property 'uvEdgeNegotiationArguments' does not exist on type 'ProcessingPageComponent'. Did you mean 'uvEdgeNegotiationResult'?[0m [1m[35m[plugin angular-compiler][0m

    src/app/features/processing/pages/processing-page.component.ts:415:45:
[37m      415 │ ...ain', value: this.[32muvEdgeNegotiationArguments[37m.shiftGain.toFixed...
          ╵                      [32m~~~~~~~~~~~~~~~~~~~~~~~~~~[0m

  'uvEdgeNegotiationResult' is declared here.

    src/app/features/processing/pages/processing-page.component.ts:109:21:
[37m      109 │   protected readonly [32muvEdgeNegotiationResult[37m = computed(() => thi...
          ╵                      [32m~~~~~~~~~~~~~~~~~~~~~~~[0m


[31mX [41;31m[[41;97mERROR[41;31m][0m [1mTS2551: Property 'uvEdgeNegotiationArguments' does not exist on type 'ProcessingPageComponent'. Did you mean 'uvEdgeNegotiationResult'?[0m [1m[35m[plugin angular-compiler][0m

    src/app/features/processing/pages/processing-page.component.ts:416:52:
[37m      416 │ ...ses', value: String(this.[32muvEdgeNegotiationArguments[37m.maxPasses) },
          ╵                             [32m~~~~~~~~~~~~~~~~~~~~~~~~~~[0m

  'uvEdgeNegotiationResult' is declared here.

    src/app/features/processing/pages/processing-page.component.ts:109:21:
[37m      109 │   protected readonly [32muvEdgeNegotiationResult[37m = computed(() => thi...
          ╵                      [32m~~~~~~~~~~~~~~~~~~~~~~~[0m


[31mX [41;31m[[41;97mERROR[41;31m][0m [1mTS2551: Property 'uvEdgeNegotiationArguments' does not exist on type 'ProcessingPageComponent'. Did you mean 'uvEdgeNegotiationResult'?[0m [1m[35m[plugin angular-compiler][0m

    src/app/features/processing/pages/processing-page.component.ts:417:54:
[37m      417 │ ...tio', value: this.[32muvEdgeNegotiationArguments[37m.targetAspectRatio...
          ╵                      [32m~~~~~~~~~~~~~~~~~~~~~~~~~~[0m

  'uvEdgeNegotiationResult' is declared here.

    src/app/features/processing/pages/processing-page.component.ts:109:21:
[37m      109 │   protected readonly [32muvEdgeNegotiationResult[37m = computed(() => thi...
          ╵                      [32m~~~~~~~~~~~~~~~~~~~~~~~[0m


[31mX [41;31m[[41;97mERROR[41;31m][0m [1mTS2551: Property 'residualUvAbsorptionArguments' does not exist on type 'ProcessingPageComponent'. Did you mean 'residualUvAbsorptionResult'?[0m [1m[35m[plugin angular-compiler][0m

    src/app/features/processing/pages/processing-page.component.ts:450:47:
[37m      450 │ ... color', value: this.[32mresidualUvAbsorptionArguments[37m.fillerColor },
          ╵                         [32m~~~~~~~~~~~~~~~~~~~~~~~~~~~~~[0m

  'residualUvAbsorptionResult' is declared here.

    src/app/features/processing/pages/processing-page.component.ts:110:21:
[37m      110 │   protected readonly [32mresidualUvAbsorptionResult[37m = computed(() => ...
          ╵                      [32m~~~~~~~~~~~~~~~~~~~~~~~~~~[0m


[31mX [41;31m[[41;97mERROR[41;31m][0m [1mTS2551: Property 'residualUvAbsorptionArguments' does not exist on type 'ProcessingPageComponent'. Did you mean 'residualUvAbsorptionResult'?[0m [1m[35m[plugin angular-compiler][0m

    src/app/features/processing/pages/processing-page.component.ts:451:48:
[37m      451 │ ...color', value: this.[32mresidualUvAbsorptionArguments[37m.hallwayColor },
          ╵                        [32m~~~~~~~~~~~~~~~~~~~~~~~~~~~~~[0m

  'residualUvAbsorptionResult' is declared here.

    src/app/features/processing/pages/processing-page.component.ts:110:21:
[37m      110 │   protected readonly [32mresidualUvAbsorptionResult[37m = computed(() => ...
          ╵                      [32m~~~~~~~~~~~~~~~~~~~~~~~~~~[0m


[31mX [41;31m[[41;97mERROR[41;31m][0m [1mTS2339: Property 'hallwayMergeArguments' does not exist on type 'ProcessingPageComponent'.[0m [1m[35m[plugin angular-compiler][0m

    src/app/features/processing/pages/processing-page.component.ts:482:53:
[37m      482 │ ...psilon', value: this.[32mhallwayMergeArguments[37m.edgeMatchEpsilon.to...
          ╵                         [32m~~~~~~~~~~~~~~~~~~~~~[0m


[31mX [41;31m[[41;97mERROR[41;31m][0m [1mTS2339: Property 'finalStagingArguments' does not exist on type 'ProcessingPageComponent'.[0m [1m[35m[plugin angular-compiler][0m

    src/app/features/processing/pages/processing-page.component.ts:503:46:
[37m      503 │ ...l: 'Stage label', value: this.[32mfinalStagingArguments[37m.stageLabel },
          ╵                                  [32m~~~~~~~~~~~~~~~~~~~~~[0m


[31mX [41;31m[[41;97mERROR[41;31m][0m [1mTS2551: Property 'canonicalGeometryArguments' does not exist on type 'ProcessingPageComponent'. Did you mean 'canonicalGeometryResult'?[0m [1m[35m[plugin angular-compiler][0m

    src/app/features/processing/pages/processing-page.component.ts:527:49:
[37m      527 │ ...', value: `${this.[32mcanonicalGeometryArguments[37m.vertexSnapGridMet...
          ╵                      [32m~~~~~~~~~~~~~~~~~~~~~~~~~~[0m

  'canonicalGeometryResult' is declared here.

    src/app/features/processing/pages/processing-page.component.ts:113:21:
[37m      113 │   protected readonly [32mcanonicalGeometryResult[37m = computed(() => thi...
          ╵                      [32m~~~~~~~~~~~~~~~~~~~~~~~[0m


[31mX [41;31m[[41;97mERROR[41;31m][0m [1mTS2551: Property 'canonicalGeometryArguments' does not exist on type 'ProcessingPageComponent'. Did you mean 'canonicalGeometryResult'?[0m [1m[35m[plugin angular-compiler][0m

    src/app/features/processing/pages/processing-page.component.ts:528:53:
[37m      528 │ ...', value: `${this.[32mcanonicalGeometryArguments[37m.edgeSplitToleranc...
          ╵                      [32m~~~~~~~~~~~~~~~~~~~~~~~~~~[0m

  'canonicalGeometryResult' is declared here.

    src/app/features/processing/pages/processing-page.component.ts:113:21:
[37m      113 │   protected readonly [32mcanonicalGeometryResult[37m = computed(() => thi...
          ╵                      [32m~~~~~~~~~~~~~~~~~~~~~~~[0m


[31mX [41;31m[[41;97mERROR[41;31m][0m [1mTS2551: Property 'canonicalGeometryArguments' does not exist on type 'ProcessingPageComponent'. Did you mean 'canonicalGeometryResult'?[0m [1m[35m[plugin angular-compiler][0m

    src/app/features/processing/pages/processing-page.component.ts:529:53:
[37m      529 │ ...', value: `${this.[32mcanonicalGeometryArguments[37m.minSegmentLengthM...
          ╵                      [32m~~~~~~~~~~~~~~~~~~~~~~~~~~[0m

  'canonicalGeometryResult' is declared here.

    src/app/features/processing/pages/processing-page.component.ts:113:21:
[37m      113 │   protected readonly [32mcanonicalGeometryResult[37m = computed(() => thi...
          ╵                      [32m~~~~~~~~~~~~~~~~~~~~~~~[0m

[39m[22m
[1m[31m[31mX [41;31m[[41;97mERROR[41;31m][0m [1mTS2304: Cannot find name 'analyzeConstructionExternalWalls'.[0m [1m[35m[plugin angular-compiler][0m

    src/app/features/construction/pages/construction-page.component.ts:190:57:
[37m      190 │ ...urnType<typeof [32manalyzeConstructionExternalWalls[37m> | null): read...
          ╵                   [32m~~~~~~~~~~~~~~~~~~~~~~~~~~~~~~~~[0m


[31mX [41;31m[[41;97mERROR[41;31m][0m [1mTS7006: Parameter 'segment' implicitly has an 'any' type.[0m [1m[35m[plugin angular-compiler][0m

    src/app/features/construction/pages/construction-page.component.ts:197:34:
[37m      197 │     return analysis.segments.map(([32msegment[37m) => {
          ╵                                   [32m~~~~~~~[0m

[39m[22m
[1m[31m[31mX [41;31m[[41;97mERROR[41;31m][0m [1mTS2304: Cannot find name 'analyzeConstructionExternalWalls'.[0m [1m[35m[plugin angular-compiler][0m

    src/app/features/construction/pages/construction-page.component.ts:190:57:
[37m      190 │ ...urnType<typeof [32manalyzeConstructionExternalWalls[37m> | null): read...
          ╵                   [32m~~~~~~~~~~~~~~~~~~~~~~~~~~~~~~~~[0m


[31mX [41;31m[[41;97mERROR[41;31m][0m [1mTS7006: Parameter 'segment' implicitly has an 'any' type.[0m [1m[35m[plugin angular-compiler][0m

    src/app/features/construction/pages/construction-page.component.ts:197:34:
[37m      197 │     return analysis.segments.map(([32msegment[37m) => {
          ╵                                   [32m~~~~~~~[0m

[39m[22m
[1m[31m[31mX [41;31m[[41;97mERROR[41;31m][0m [1mTS2304: Cannot find name 'analyzeConstructionExternalWalls'.[0m [1m[35m[plugin angular-compiler][0m

    src/app/features/construction/pages/construction-page.component.ts:190:57:
[37m      190 │ ...urnType<typeof [32manalyzeConstructionExternalWalls[37m> | null): read...
          ╵                   [32m~~~~~~~~~~~~~~~~~~~~~~~~~~~~~~~~[0m


[31mX [41;31m[[41;97mERROR[41;31m][0m [1mTS7006: Parameter 'segment' implicitly has an 'any' type.[0m [1m[35m[plugin angular-compiler][0m

    src/app/features/construction/pages/construction-page.component.ts:197:34:
[37m      197 │     return analysis.segments.map(([32msegment[37m) => {
          ╵                                   [32m~~~~~~~[0m

[39m[22m
[1m[33m[33m▲ [43;33m[[43;30mWARNING[43;33m][0m [1mNG8113: NgForOf is not used within the template of AppShellComponent[0m [1m[35m[plugin angular-compiler][0m

    src/app/shell/app-shell.component.ts:19:12:
[37m      19 │   imports: [[32mNgFor[37m, RouterLink, RouterLinkActive, SimulationControl...
         ╵             [32m~~~~~[0m

[39m[22m
[1m[31m[31mX [41;31m[[41;97mERROR[41;31m][0m [1mNG2008: Could not find stylesheet file './app-shell.component.scss'.[0m [1m[35m[plugin angular-compiler][0m

    src/app/shell/app-shell.component.ts:23:12:
[37m      23 │   styleUrl: [32m'./app-shell.component.scss'[37m,
         ╵             [32m~~~~~~~~~~~~~~~~~~~~~~~~~~~~[0m

[39m[22m
[1m[31m[31mX [41;31m[[41;97mERROR[41;31m][0m [1mNG2008: Could not find stylesheet file './app-shell.component.scss'.[0m [1m[35m[plugin angular-compiler][0m

    src/app/shell/app-shell.component.ts:23:12:
[37m      23 │   styleUrl: [32m'./app-shell.component.scss'[37m,
         ╵             [32m~~~~~~~~~~~~~~~~~~~~~~~~~~~~[0m

[39m[22m
