[1m[31m[31mX [41;31m[[41;97mERROR[41;31m][0m [1mTS2339: Property 'previewLotPolygon' does not exist on type 'GeometryLotPageComponent'.[0m [1m[35m[plugin angular-compiler][0m

    src/app/features/geometry-lot/pages/geometry-lot-page.component.html:35:30:
[37m      35 │ ...polygon [attr.points]="[32mpreviewLotPolygon[37m" class="geometry-previ...
         ╵                           [32m~~~~~~~~~~~~~~~~~[0m

  Error occurs in the template of component GeometryLotPageComponent.

    src/app/features/geometry-lot/pages/geometry-lot-page.component.ts:43:15:
[37m      43 │   templateUrl: [32m'./geometry-lot-page.component.html'[37m,
         ╵                [32m~~~~~~~~~~~~~~~~~~~~~~~~~~~~~~~~~~~~[0m


[31mX [41;31m[[41;97mERROR[41;31m][0m [1mTS2339: Property 'previewLotPolygon' does not exist on type 'GeometryLotPageComponent'.[0m [1m[35m[plugin angular-compiler][0m

    src/app/features/geometry-lot/pages/geometry-lot-page.component.html:43:30:
[37m      43 │ ...polygon [attr.points]="[32mpreviewLotPolygon[37m" class="geometry-previ...
         ╵                           [32m~~~~~~~~~~~~~~~~~[0m

  Error occurs in the template of component GeometryLotPageComponent.

    src/app/features/geometry-lot/pages/geometry-lot-page.component.ts:43:15:
[37m      43 │   templateUrl: [32m'./geometry-lot-page.component.html'[37m,
         ╵                [32m~~~~~~~~~~~~~~~~~~~~~~~~~~~~~~~~~~~~[0m


[31mX [41;31m[[41;97mERROR[41;31m][0m [1mTS2339: Property 'previewBuildablePolygon' does not exist on type 'GeometryLotPageComponent'.[0m [1m[35m[plugin angular-compiler][0m

    src/app/features/geometry-lot/pages/geometry-lot-page.component.html:44:30:
[37m      44 │ ...ygon [attr.points]="[32mpreviewBuildablePolygon[37m" class="geometry-pr...
         ╵                        [32m~~~~~~~~~~~~~~~~~~~~~~~[0m

  Error occurs in the template of component GeometryLotPageComponent.

    src/app/features/geometry-lot/pages/geometry-lot-page.component.ts:43:15:
[37m      43 │   templateUrl: [32m'./geometry-lot-page.component.html'[37m,
         ╵                [32m~~~~~~~~~~~~~~~~~~~~~~~~~~~~~~~~~~~~[0m

[39m[22m
[1m[31m[31mX [41;31m[[41;97mERROR[41;31m][0m [1mTS2307: Cannot find module '../../../core/footprint/footprint.exports' or its corresponding type declarations.[0m [1m[35m[plugin angular-compiler][0m

    src/app/features/footprint-layout/pages/footprint-layout-page.component.ts:4:38:
[37m      4 │ ...intStageService } from [32m'../../../core/footprint/footprint.exports'[37m;
        ╵                           [32m~~~~~~~~~~~~~~~~~~~~~~~~~~~~~~~~~~~~~~~~~~~[0m


[31mX [41;31m[[41;97mERROR[41;31m][0m [1mTS2307: Cannot find module '../view-models/footprint-layout-preview.factory' or its corresponding type declarations.[0m [1m[35m[plugin angular-compiler][0m

    src/app/features/footprint-layout/pages/footprint-layout-page.component.ts:5:44:
[37m      5 │ ...utPreview } from [32m'../view-models/footprint-layout-preview.factory'[37m;
        ╵                     [32m~~~~~~~~~~~~~~~~~~~~~~~~~~~~~~~~~~~~~~~~~~~~~~~~~[0m


[31mX [41;31m[[41;97mERROR[41;31m][0m [1mTS2571: Object is of type 'unknown'.[0m [1m[35m[plugin angular-compiler][0m

    src/app/features/footprint-layout/pages/footprint-layout-page.component.ts:26:41:
[37m      26 │ ...ootprintSnapshot = [32mthis.footprintStageService[37m.getFootprintSnaps...
         ╵                       [32m~~~~~~~~~~~~~~~~~~~~~~~~~~[0m

[39m[22m
[1m[31m[31mX [41;31m[[41;97mERROR[41;31m][0m [1mTS2724: '"./models/simulation-runner.model"' has no exported member named 'SimulationRunnerState'. Did you mean 'SimulationBubbleState'?[0m [1m[35m[plugin angular-compiler][0m

    src/app/core/simulation/simulation-runner.factory.ts:2:37:
[37m      2 │ ...imulationBubbleState, [32mSimulationRunnerState[37m } from './models/sim...
        ╵                          [32m~~~~~~~~~~~~~~~~~~~~~[0m


[31mX [41;31m[[41;97mERROR[41;31m][0m [1mTS7006: Parameter 'bubble' implicitly has an 'any' type.[0m [1m[35m[plugin angular-compiler][0m

    src/app/core/simulation/simulation-runner.factory.ts:51:33:
[37m      51 │     bubbles: runner.bubbles.map(([32mbubble[37m, index) => ({
         ╵                                  [32m~~~~~~[0m


[31mX [41;31m[[41;97mERROR[41;31m][0m [1mTS7006: Parameter 'index' implicitly has an 'any' type.[0m [1m[35m[plugin angular-compiler][0m

    src/app/core/simulation/simulation-runner.factory.ts:51:41:
[37m      51 │     bubbles: runner.bubbles.map((bubble, [32mindex[37m) => ({
         ╵                                          [32m~~~~~[0m


[31mX [41;31m[[41;97mERROR[41;31m][0m [1mTS2724: '"./models/simulation-runner.model"' has no exported member named 'SimulationRunnerState'. Did you mean 'SimulationBubbleState'?[0m [1m[35m[plugin angular-compiler][0m

    src/app/core/simulation/simulation-stage.service.ts:9:14:
[37m      9 │ import type { [32mSimulationRunnerState[37m, SimulationStageSnapshot } from...
        ╵               [32m~~~~~~~~~~~~~~~~~~~~~[0m


[31mX [41;31m[[41;97mERROR[41;31m][0m [1mTS2339: Property 'runners' does not exist on type 'SimulationStageSnapshot'.[0m [1m[35m[plugin angular-compiler][0m

    src/app/core/simulation/simulation-stage.service.ts:35:24:
[37m      35 │       runners: snapshot.[32mrunners[37m.map((runner) => ({
         ╵                         [32m~~~~~~~[0m


[31mX [41;31m[[41;97mERROR[41;31m][0m [1mTS7006: Parameter 'runner' implicitly has an 'any' type.[0m [1m[35m[plugin angular-compiler][0m

    src/app/core/simulation/simulation-stage.service.ts:35:37:
[37m      35 │       runners: snapshot.runners.map(([32mrunner[37m) => ({
         ╵                                      [32m~~~~~~[0m


[31mX [41;31m[[41;97mERROR[41;31m][0m [1mTS2339: Property 'runners' does not exist on type 'SimulationStageSnapshot'.[0m [1m[35m[plugin angular-compiler][0m

    src/app/core/simulation/simulation-stage.service.ts:45:26:
[37m      45 │         runners: snapshot.[32mrunners[37m.map((runner) => ({
         ╵                           [32m~~~~~~~[0m


[31mX [41;31m[[41;97mERROR[41;31m][0m [1mTS7006: Parameter 'runner' implicitly has an 'any' type.[0m [1m[35m[plugin angular-compiler][0m

    src/app/core/simulation/simulation-stage.service.ts:45:39:
[37m      45 │         runners: snapshot.runners.map(([32mrunner[37m) => ({
         ╵                                        [32m~~~~~~[0m


[31mX [41;31m[[41;97mERROR[41;31m][0m [1mTS2339: Property 'runners' does not exist on type 'SimulationStageSnapshot'.[0m [1m[35m[plugin angular-compiler][0m

    src/app/core/simulation/simulation-stage.service.ts:64:24:
[37m      64 │       runners: snapshot.[32mrunners[37m.map((runner) => ({
         ╵                         [32m~~~~~~~[0m


[31mX [41;31m[[41;97mERROR[41;31m][0m [1mTS7006: Parameter 'runner' implicitly has an 'any' type.[0m [1m[35m[plugin angular-compiler][0m

    src/app/core/simulation/simulation-stage.service.ts:64:37:
[37m      64 │       runners: snapshot.runners.map(([32mrunner[37m) => ({
         ╵                                      [32m~~~~~~[0m


[31mX [41;31m[[41;97mERROR[41;31m][0m [1mTS2339: Property 'runners' does not exist on type 'SimulationStageSnapshot'.[0m [1m[35m[plugin angular-compiler][0m

    src/app/core/simulation/simulation-stage.service.ts:74:62:
[37m      74 │ ...rIndex: Math.max(0, Math.min(index, snapshot.[32mrunners[37m.length - 1)),
         ╵                                                 [32m~~~~~~~[0m


[31mX [41;31m[[41;97mERROR[41;31m][0m [1mTS2339: Property 'activeRunnerIndex' does not exist on type 'SimulationStageSnapshot'.[0m [1m[35m[plugin angular-compiler][0m

    src/app/core/simulation/simulation-stage.service.ts:81:51:
[37m      81 │     const activeRunnerIndex = this.snapshotState().[32mactiveRunnerIndex[37m;
         ╵                                                    [32m~~~~~~~~~~~~~~~~~[0m


[31mX [41;31m[[41;97mERROR[41;31m][0m [1mTS2339: Property 'runners' does not exist on type 'SimulationStageSnapshot'.[0m [1m[35m[plugin angular-compiler][0m

    src/app/core/simulation/simulation-stage.service.ts:86:24:
[37m      86 │       runners: snapshot.[32mrunners[37m.map((runner) =>
         ╵                         [32m~~~~~~~[0m


[31mX [41;31m[[41;97mERROR[41;31m][0m [1mTS7006: Parameter 'runner' implicitly has an 'any' type.[0m [1m[35m[plugin angular-compiler][0m

    src/app/core/simulation/simulation-stage.service.ts:86:37:
[37m      86 │       runners: snapshot.runners.map(([32mrunner[37m) =>
         ╵                                      [32m~~~~~~[0m


[31mX [41;31m[[41;97mERROR[41;31m][0m [1mTS2339: Property 'activeRunnerIndex' does not exist on type 'SimulationStageSnapshot'.[0m [1m[35m[plugin angular-compiler][0m

    src/app/core/simulation/simulation-stage.service.ts:95:51:
[37m      95 │     const activeRunnerIndex = this.snapshotState().[32mactiveRunnerIndex[37m;
         ╵                                                    [32m~~~~~~~~~~~~~~~~~[0m


[31mX [41;31m[[41;97mERROR[41;31m][0m [1mTS2339: Property 'runners' does not exist on type 'SimulationStageSnapshot'.[0m [1m[35m[plugin angular-compiler][0m

    src/app/core/simulation/simulation-stage.service.ts:100:24:
[37m      100 │       runners: snapshot.[32mrunners[37m.map((runner) =>
          ╵                         [32m~~~~~~~[0m


[31mX [41;31m[[41;97mERROR[41;31m][0m [1mTS7006: Parameter 'runner' implicitly has an 'any' type.[0m [1m[35m[plugin angular-compiler][0m

    src/app/core/simulation/simulation-stage.service.ts:100:37:
[37m      100 │       runners: snapshot.runners.map(([32mrunner[37m) =>
          ╵                                      [32m~~~~~~[0m


[31mX [41;31m[[41;97mERROR[41;31m][0m [1mTS2339: Property 'runners' does not exist on type 'SimulationStageSnapshot'.[0m [1m[35m[plugin angular-compiler][0m

    src/app/core/simulation/simulation-stage.service.ts:126:26:
[37m      126 │         runners: snapshot.[32mrunners[37m.map((runner) => resetSimulation...
          ╵                           [32m~~~~~~~[0m


[31mX [41;31m[[41;97mERROR[41;31m][0m [1mTS7006: Parameter 'runner' implicitly has an 'any' type.[0m [1m[35m[plugin angular-compiler][0m

    src/app/core/simulation/simulation-stage.service.ts:126:39:
[37m      126 │ ...ners: snapshot.runners.map(([32mrunner[37m) => resetSimulationRunner(r...
          ╵                                [32m~~~~~~[0m


[31mX [41;31m[[41;97mERROR[41;31m][0m [1mTS2353: Object literal may only specify known properties, and 'activeRunnerIndex' does not exist in type 'SimulationStageSnapshot'.[0m [1m[35m[plugin angular-compiler][0m

    src/app/core/simulation/simulation-stage.service.ts:158:6:
[37m      158 │       [32mactiveRunnerIndex[37m: 0,
          ╵       [32m~~~~~~~~~~~~~~~~~[0m


[31mX [41;31m[[41;97mERROR[41;31m][0m [1mTS2724: '"./models/simulation-runner.model"' has no exported member named 'SimulationRunnerState'. Did you mean 'SimulationBubbleState'?[0m [1m[35m[plugin angular-compiler][0m

    src/app/core/simulation/simulation.exports.ts:3:2:
[37m      3 │   [32mSimulationRunnerState[37m,
        ╵   [32m~~~~~~~~~~~~~~~~~~~~~[0m


[31mX [41;31m[[41;97mERROR[41;31m][0m [1mTS2339: Property 'runners' does not exist on type 'SimulationStageSnapshot'.[0m [1m[35m[plugin angular-compiler][0m

    src/app/features/simulation-foundation/pages/simulation-foundation-page.component.ts:20:67:
[37m      20 │ ...puted(() => this.snapshot().[32mrunners[37m[this.snapshot().activeRunne...
         ╵                                [32m~~~~~~~[0m


[31mX [41;31m[[41;97mERROR[41;31m][0m [1mTS2339: Property 'activeRunnerIndex' does not exist on type 'SimulationStageSnapshot'.[0m [1m[35m[plugin angular-compiler][0m

    src/app/features/simulation-foundation/pages/simulation-foundation-page.component.ts:20:91:
[37m      20 │ ...() => this.snapshot().runners[this.snapshot().[32mactiveRunnerIndex[37m]);
         ╵                                                  [32m~~~~~~~~~~~~~~~~~[0m


[31mX [41;31m[[41;97mERROR[41;31m][0m [1mTS2339: Property 'runners' does not exist on type 'SimulationStageSnapshot'.[0m [1m[35m[plugin angular-compiler][0m

    src/app/features/simulation-foundation/pages/simulation-foundation-page.component.ts:22:59:
[37m      22 │ ...: 'Runner count', value: String(this.snapshot().[32mrunners[37m.length) },
         ╵                                                    [32m~~~~~~~[0m

[39m[22m
[1m[31m[31mX [41;31m[[41;97mERROR[41;31m][0m [1mTS2739: Type '{ instanceId: string; label: string; color: string; radiusMeters: number; band: CandidateBand; x: number; y: number; placed: true; }' is missing the following properties from type 'SimulationBubbleState': targetAreaSquareMeters, vx, vy[0m [1m[35m[plugin angular-compiler][0m

    src/app/core/simulation/simulation-runner.factory.ts:63:2:
[37m      63 │   [32mreturn[37m {
         ╵   [32m~~~~~~[0m

[39m[22m
[1m[31m[31mX [41;31m[[41;97mERROR[41;31m][0m [1mTS2304: Cannot find name 'deterministicOffset'.[0m [1m[35m[plugin angular-compiler][0m

    src/app/core/simulation/simulation-runner.factory.ts:61:28:
[37m      61 │ ...x: Number((bubble.x + [32mdeterministicOffset[37m(job.index, index, 0.0...
         ╵                          [32m~~~~~~~~~~~~~~~~~~~[0m


[31mX [41;31m[[41;97mERROR[41;31m][0m [1mTS2304: Cannot find name 'deterministicOffset'.[0m [1m[35m[plugin angular-compiler][0m

    src/app/core/simulation/simulation-runner.factory.ts:62:28:
[37m      62 │ ...y: Number((bubble.y + [32mdeterministicOffset[37m(job.index + 3, index,...
         ╵                          [32m~~~~~~~~~~~~~~~~~~~[0m


[31mX [41;31m[[41;97mERROR[41;31m][0m [1mTS2554: Expected 4 arguments, but got 2.[0m [1m[35m[plugin angular-compiler][0m

    src/app/core/simulation/simulation-stage.service.ts:171:17:
[37m      171 │     const jobs = [32mbuildSimulationJobs[37m(candidateLayout, {
          ╵                  [32m~~~~~~~~~~~~~~~~~~~[0m

  An argument for 'sourceSettings' was not provided.

    src/app/core/simulation/simulation-runner.factory.ts:22:2:
[37m      22 │   [32msourceSettings: ProjectSettings[37m,
         ╵   [32m~~~~~~~~~~~~~~~~~~~~~~~~~~~~~~~[0m

[39m[22m
[1m[31m[31mX [41;31m[[41;97mERROR[41;31m][0m [1mTS2304: Cannot find name 'deterministicOffset'.[0m [1m[35m[plugin angular-compiler][0m

    src/app/core/simulation/simulation-runner.factory.ts:61:28:
[37m      61 │ ...x: Number((bubble.x + [32mdeterministicOffset[37m(job.index, index, 0.0...
         ╵                          [32m~~~~~~~~~~~~~~~~~~~[0m


[31mX [41;31m[[41;97mERROR[41;31m][0m [1mTS2304: Cannot find name 'deterministicOffset'.[0m [1m[35m[plugin angular-compiler][0m

    src/app/core/simulation/simulation-runner.factory.ts:62:28:
[37m      62 │ ...y: Number((bubble.y + [32mdeterministicOffset[37m(job.index + 3, index,...
         ╵                          [32m~~~~~~~~~~~~~~~~~~~[0m


[31mX [41;31m[[41;97mERROR[41;31m][0m [1mTS2554: Expected 4 arguments, but got 2.[0m [1m[35m[plugin angular-compiler][0m

    src/app/core/simulation/simulation-stage.service.ts:171:17:
[37m      171 │     const jobs = [32mbuildSimulationJobs[37m(candidateLayout, {
          ╵                  [32m~~~~~~~~~~~~~~~~~~~[0m

  An argument for 'sourceSettings' was not provided.

    src/app/core/simulation/simulation-runner.factory.ts:22:2:
[37m      22 │   [32msourceSettings: ProjectSettings[37m,
         ╵   [32m~~~~~~~~~~~~~~~~~~~~~~~~~~~~~~~[0m

[39m[22m
[1m[31m[31mX [41;31m[[41;97mERROR[41;31m][0m [1mTS2304: Cannot find name 'deterministicOffset'.[0m [1m[35m[plugin angular-compiler][0m

    src/app/core/simulation/simulation-runner.factory.ts:61:28:
[37m      61 │ ...x: Number((bubble.x + [32mdeterministicOffset[37m(job.index, index, 0.0...
         ╵                          [32m~~~~~~~~~~~~~~~~~~~[0m


[31mX [41;31m[[41;97mERROR[41;31m][0m [1mTS2304: Cannot find name 'deterministicOffset'.[0m [1m[35m[plugin angular-compiler][0m

    src/app/core/simulation/simulation-runner.factory.ts:62:28:
[37m      62 │ ...y: Number((bubble.y + [32mdeterministicOffset[37m(job.index + 3, index,...
         ╵                          [32m~~~~~~~~~~~~~~~~~~~[0m

[39m[22m
[1m[31m[31mX [41;31m[[41;97mERROR[41;31m][0m [1mTS2345: Argument of type '{ instanceId: string; label: string; color: string; radiusMeters: number; targetAreaSquareMeters: number; band: CandidateBand; vx: number; vy: number; x: number; y: number; placed: boolean; }' is not assignable to parameter of type 'SimulationBubbleState'.
  Type '{ instanceId: string; label: string; color: string; radiusMeters: number; targetAreaSquareMeters: number; band: CandidateBand; vx: number; vy: number; x: number; y: number; placed: boolean; }' is missing the following properties from type 'SimulationBubbleState': typeId, tags, pkg, hallway[0m [1m[35m[plugin angular-compiler][0m

    src/app/core/simulation/simulation-physics.factory.ts:55:16:
[37m      55 │     placed.push([32m{[37m
         ╵                 [32m^[0m

[39m[22m
[1m[31m[31mX [41;31m[[41;97mERROR[41;31m][0m [1mTS4111: Property 'generated_filler' comes from an index signature, so it must be accessed with ['generated_filler'].[0m [1m[35m[plugin angular-compiler][0m

    src/app/core/simulation/simulation-analysis.factory.ts:51:40:
[37m      51 │ ...eSettings.adjacency.exceptions.[32mgenerated_filler[37m?.generated_hallway
         ╵                                   [32m~~~~~~~~~~~~~~~~[0m


[31mX [41;31m[[41;97mERROR[41;31m][0m [1mTS4111: Property 'generated_hallway' comes from an index signature, so it must be accessed with ['generated_hallway'].[0m [1m[35m[plugin angular-compiler][0m

    src/app/core/simulation/simulation-analysis.factory.ts:51:58:
[37m      51 │ ...eSettings.adjacency.exceptions.generated_filler?.[32mgenerated_hallway[37m
         ╵                                                     [32m~~~~~~~~~~~~~~~~~[0m


[31mX [41;31m[[41;97mERROR[41;31m][0m [1mTS4111: Property 'generated_hallway' comes from an index signature, so it must be accessed with ['generated_hallway'].[0m [1m[35m[plugin angular-compiler][0m

    src/app/core/simulation/simulation-analysis.factory.ts:52:54:
[37m      52 │ ...? sourceSettings.adjacency.generatedTypeDefaults.[32mgenerated_hallway[37m
         ╵                                                     [32m~~~~~~~~~~~~~~~~~[0m

[39m[22m
[1m[31m[31mX [41;31m[[41;97mERROR[41;31m][0m [1mTS2322: Type '{ index: number; status: "idle"; captureThreshold: number; capturedCount: number; failedCount: number; resetCount: number; shakeCount: number; tickCount: number; bubbles: SimulationBubbleState[]; }[]' is not assignable to type 'SimulationJobState[]'.
  Type '{ index: number; status: "idle"; captureThreshold: number; capturedCount: number; failedCount: number; resetCount: number; shakeCount: number; tickCount: number; bubbles: SimulationBubbleState[]; }' is missing the following properties from type 'SimulationJobState': consecutiveCaptureFails, lastCaptureOutcome[0m [1m[35m[plugin angular-compiler][0m

    src/app/core/simulation/simulation-runner.factory.ts:27:2:
[37m      27 │   [32mreturn[37m Array.from({ length: settings.jobCount }, (_, index) => ({
         ╵   [32m~~~~~~[0m


[31mX [41;31m[[41;97mERROR[41;31m][0m [1mTS2741: Property 'recentCaptures' is missing in type '{ isRunning: false; captureLoopRunning: false; activeJobIndex: number; hardResetIntervalMs: number; autoShakeEnabled: boolean; frameVersion: number; jobs: SimulationJobState[]; }' but required in type 'SimulationStageSnapshot'.[0m [1m[35m[plugin angular-compiler][0m

    src/app/core/simulation/simulation-stage.service.ts:208:4:
[37m      208 │     [32mreturn[37m {
          ╵     [32m~~~~~~[0m

  'recentCaptures' is declared here.

    src/app/core/simulation/models/simulation-runner.model.ts:75:2:
[37m      75 │   [32mrecentCaptures[37m: SimulationCapturedLayoutSummary[];
         ╵   [32m~~~~~~~~~~~~~~[0m

[39m[22m
[1m[31m[31mX [41;31m[[41;97mERROR[41;31m][0m [1mTS2741: Property 'recentCaptures' is missing in type '{ isRunning: false; captureLoopRunning: false; activeJobIndex: number; hardResetIntervalMs: number; autoShakeEnabled: boolean; frameVersion: number; jobs: SimulationJobState[]; }' but required in type 'SimulationStageSnapshot'.[0m [1m[35m[plugin angular-compiler][0m

    src/app/core/simulation/simulation-stage.service.ts:208:4:
[37m      208 │     [32mreturn[37m {
          ╵     [32m~~~~~~[0m

  'recentCaptures' is declared here.

    src/app/core/simulation/models/simulation-runner.model.ts:75:2:
[37m      75 │   [32mrecentCaptures[37m: SimulationCapturedLayoutSummary[];
         ╵   [32m~~~~~~~~~~~~~~[0m

[39m[22m
[1m[31m[31mX [41;31m[[41;97mERROR[41;31m][0m [1mTS2339: Property 'id' does not exist on type 'DeterministicCandidateLayout'.[0m [1m[35m[plugin angular-compiler][0m

    src/app/core/simulation/simulation-capture.factory.ts:164:30:
[37m      164 │     outputId: candidateLayout.[32mid[37m,
          ╵                               [32m~~[0m


[31mX [41;31m[[41;97mERROR[41;31m][0m [1mTS2741: Property 'recentCaptures' is missing in type '{ isRunning: false; captureLoopRunning: false; activeJobIndex: number; hardResetIntervalMs: number; autoShakeEnabled: boolean; frameVersion: number; jobs: SimulationJobState[]; }' but required in type 'SimulationStageSnapshot'.[0m [1m[35m[plugin angular-compiler][0m

    src/app/core/simulation/simulation-stage.service.ts:208:4:
[37m      208 │     [32mreturn[37m {
          ╵     [32m~~~~~~[0m

  'recentCaptures' is declared here.

    src/app/core/simulation/models/simulation-runner.model.ts:75:2:
[37m      75 │   [32mrecentCaptures[37m: SimulationCapturedLayoutSummary[];
         ╵   [32m~~~~~~~~~~~~~~[0m

[39m[22m
[1m[31m[31mX [41;31m[[41;97mERROR[41;31m][0m [1mTS2339: Property 'id' does not exist on type 'DeterministicCandidateLayout'.[0m [1m[35m[plugin angular-compiler][0m

    src/app/core/simulation/simulation-capture.factory.ts:164:30:
[37m      164 │     outputId: candidateLayout.[32mid[37m,
          ╵                               [32m~~[0m


[31mX [41;31m[[41;97mERROR[41;31m][0m [1mTS2305: Module '"./simulation-runner.factory"' has no exported member 'applyCaptureOutcomeToJob'.[0m [1m[35m[plugin angular-compiler][0m

    src/app/core/simulation/simulation-stage.service.ts:7:2:
[37m      7 │   [32mapplyCaptureOutcomeToJob[37m,
        ╵   [32m~~~~~~~~~~~~~~~~~~~~~~~~[0m


[31mX [41;31m[[41;97mERROR[41;31m][0m [1mTS2305: Module '"./simulation-runner.factory"' has no exported member 'buildCapturedLayoutSummary'.[0m [1m[35m[plugin angular-compiler][0m

    src/app/core/simulation/simulation-stage.service.ts:8:2:
[37m      8 │   [32mbuildCapturedLayoutSummary[37m,
        ╵   [32m~~~~~~~~~~~~~~~~~~~~~~~~~~[0m


[31mX [41;31m[[41;97mERROR[41;31m][0m [1mTS2305: Module '"./simulation-runner.factory"' has no exported member 'buildSimulationCaptureReport'.[0m [1m[35m[plugin angular-compiler][0m

    src/app/core/simulation/simulation-stage.service.ts:9:2:
[37m      9 │   [32mbuildSimulationCaptureReport[37m,
        ╵   [32m~~~~~~~~~~~~~~~~~~~~~~~~~~~~[0m


[31mX [41;31m[[41;97mERROR[41;31m][0m [1mTS2305: Module '"./simulation-runner.factory"' has no exported member 'evaluateSimulationCandidate'.[0m [1m[35m[plugin angular-compiler][0m

    src/app/core/simulation/simulation-stage.service.ts:11:2:
[37m      11 │   [32mevaluateSimulationCandidate[37m,
         ╵   [32m~~~~~~~~~~~~~~~~~~~~~~~~~~~[0m

[39m[22m
[1m[31m[31mX [41;31m[[41;97mERROR[41;31m][0m [1mTS2339: Property 'id' does not exist on type 'DeterministicCandidateLayout'.[0m [1m[35m[plugin angular-compiler][0m

    src/app/core/simulation/simulation-capture.factory.ts:164:30:
[37m      164 │     outputId: candidateLayout.[32mid[37m,
          ╵                               [32m~~[0m

[39m[22m
[1m[31m[31mX [41;31m[[41;97mERROR[41;31m][0m [1mTS2339: Property 'id' does not exist on type 'DeterministicCandidateLayout'.[0m [1m[35m[plugin angular-compiler][0m

    src/app/core/simulation/simulation-capture.factory.ts:164:30:
[37m      164 │     outputId: candidateLayout.[32mid[37m,
          ╵                               [32m~~[0m

[39m[22m
[1m[31m[31mX [41;31m[[41;97mERROR[41;31m][0m [1mTS2339: Property 'id' does not exist on type 'DeterministicCandidateLayout'.[0m [1m[35m[plugin angular-compiler][0m

    src/app/core/simulation/simulation-capture.factory.ts:164:30:
[37m      164 │     outputId: candidateLayout.[32mid[37m,
          ╵                               [32m~~[0m

[39m[22m
[1m[31m[31mX [41;31m[[41;97mERROR[41;31m][0m [1mTS2339: Property 'id' does not exist on type 'DeterministicCandidateLayout'.[0m [1m[35m[plugin angular-compiler][0m

    src/app/core/simulation/simulation-capture.factory.ts:164:30:
[37m      164 │     outputId: candidateLayout.[32mid[37m,
          ╵                               [32m~~[0m

[39m[22m
[1m[31m[31mX [41;31m[[41;97mERROR[41;31m][0m [1mTS2339: Property 'id' does not exist on type 'DeterministicCandidateLayout'.[0m [1m[35m[plugin angular-compiler][0m

    src/app/core/simulation/simulation-capture.factory.ts:164:30:
[37m      164 │     outputId: candidateLayout.[32mid[37m,
          ╵                               [32m~~[0m

[39m[22m
[1m[31m[31mX [41;31m[[41;97mERROR[41;31m][0m [1mTS2339: Property 'id' does not exist on type 'DeterministicCandidateLayout'.[0m [1m[35m[plugin angular-compiler][0m

    src/app/core/simulation/simulation-capture.factory.ts:164:30:
[37m      164 │     outputId: candidateLayout.[32mid[37m,
          ╵                               [32m~~[0m

[39m[22m
[1m[31m[31mX [41;31m[[41;97mERROR[41;31m][0m [1mTS2339: Property 'onStart' does not exist on type 'SimulationControlBarComponent'.[0m [1m[35m[plugin angular-compiler][0m

    src/app/features/simulation-foundation/components/simulation-control-bar.component.html:3:117:
[37m      3 │ ...rimary" [disabled]="isRunning()" (click)="[32monStart[37m()">Start</button>
        ╵                                              [32m~~~~~~~[0m

  Error occurs in the template of component SimulationControlBarComponent.

    src/app/features/simulation-foundation/components/simulation-control-bar.component.ts:13:15:
[37m      13 │   templateUrl: [32m'./simulation-control-bar.component.html'[37m,
         ╵                [32m~~~~~~~~~~~~~~~~~~~~~~~~~~~~~~~~~~~~~~~~~[0m

[39m[22m
[1m[31mComponent update failed: Cannot read properties of undefined (reading 'tickCount')
TypeError: Cannot read properties of undefined (reading 'tickCount')
    at SimulationFoundationPageComponent.metricRows.ngDevMode.debugName [as computation] (http://localhost:4202/main.js:2676:64)
    at Object.producerRecomputeValue (http://localhost:4202/@fs/C:/Users/Neilwinn%20Pineda/Documents/ProjectRevit/testing/app-next/.angular/cache/21.2.16/app-next/vite/deps/chunk-DWICV4V4.js?v=e9032041:328:25)
    at producerUpdateValueVersion (http://localhost:4202/@fs/C:/Users/Neilwinn%20Pineda/Documents/ProjectRevit/testing/app-next/.angular/cache/21.2.16/app-next/vite/deps/chunk-DWICV4V4.js?v=e9032041:129:8)
    at _SimulationFoundationPageComponent.computed2 [as metricRows] (http://localhost:4202/@fs/C:/Users/Neilwinn%20Pineda/Documents/ProjectRevit/testing/app-next/.angular/cache/21.2.16/app-next/vite/deps/chunk-DWICV4V4.js?v=e9032041:291:5)
    at SimulationFoundationPageComponent_Template (http://localhost:4202/@ng/component?c=src%2Fapp%2Ffeatures%2Fsimulation-foundation%2Fpages%2Fsimulation-foundation-page.component.ts%40SimulationFoundationPageComponent&t=1782198473712:443:49)
    at executeTemplate (http://localhost:4202/@fs/C:/Users/Neilwinn%20Pineda/Documents/ProjectRevit/testing/app-next/.angular/cache/21.2.16/app-next/vite/deps/chunk-DWICV4V4.js?v=e9032041:11431:5)
    at refreshView (http://localhost:4202/@fs/C:/Users/Neilwinn%20Pineda/Documents/ProjectRevit/testing/app-next/.angular/cache/21.2.16/app-next/vite/deps/chunk-DWICV4V4.js?v=e9032041:12095:7)
    at recreate (http://localhost:4202/@fs/C:/Users/Neilwinn%20Pineda/Documents/ProjectRevit/testing/app-next/.angular/cache/21.2.16/app-next/vite/deps/chunk-DWICV4V4.js?v=e9032041:23342:5)
    at executeWithInvalidateFallback (http://localhost:4202/@fs/C:/Users/Neilwinn%20Pineda/Documents/ProjectRevit/testing/app-next/.angular/cache/21.2.16/app-next/vite/deps/chunk-DWICV4V4.js?v=e9032041:23352:5)
    at http://localhost:4202/@fs/C:/Users/Neilwinn%20Pineda/Documents/ProjectRevit/testing/app-next/.angular/cache/21.2.16/app-next/vite/deps/chunk-DWICV4V4.js?v=e9032041:23347:20
Please consider reporting the error at https://github.com/angular/angular-cli/issues[39m[22m
[1m[31mComponent update failed: Cannot read properties of undefined (reading 'tickCount')
TypeError: Cannot read properties of undefined (reading 'tickCount')
    at SimulationFoundationPageComponent.metricRows.ngDevMode.debugName [as computation] (http://localhost:4202/main.js:2677:64)
    at Object.producerRecomputeValue (http://localhost:4202/@fs/C:/Users/Neilwinn%20Pineda/Documents/ProjectRevit/testing/app-next/.angular/cache/21.2.16/app-next/vite/deps/chunk-DWICV4V4.js?v=e9032041:328:25)
    at producerUpdateValueVersion (http://localhost:4202/@fs/C:/Users/Neilwinn%20Pineda/Documents/ProjectRevit/testing/app-next/.angular/cache/21.2.16/app-next/vite/deps/chunk-DWICV4V4.js?v=e9032041:129:8)
    at _SimulationFoundationPageComponent.computed2 [as metricRows] (http://localhost:4202/@fs/C:/Users/Neilwinn%20Pineda/Documents/ProjectRevit/testing/app-next/.angular/cache/21.2.16/app-next/vite/deps/chunk-DWICV4V4.js?v=e9032041:291:5)
    at SimulationFoundationPageComponent_Template (http://localhost:4202/@ng/component?c=src%2Fapp%2Ffeatures%2Fsimulation-foundation%2Fpages%2Fsimulation-foundation-page.component.ts%40SimulationFoundationPageComponent&t=1782198480350:443:49)
    at executeTemplate (http://localhost:4202/@fs/C:/Users/Neilwinn%20Pineda/Documents/ProjectRevit/testing/app-next/.angular/cache/21.2.16/app-next/vite/deps/chunk-DWICV4V4.js?v=e9032041:11431:5)
    at refreshView (http://localhost:4202/@fs/C:/Users/Neilwinn%20Pineda/Documents/ProjectRevit/testing/app-next/.angular/cache/21.2.16/app-next/vite/deps/chunk-DWICV4V4.js?v=e9032041:12095:7)
    at recreate (http://localhost:4202/@fs/C:/Users/Neilwinn%20Pineda/Documents/ProjectRevit/testing/app-next/.angular/cache/21.2.16/app-next/vite/deps/chunk-DWICV4V4.js?v=e9032041:23342:5)
    at executeWithInvalidateFallback (http://localhost:4202/@fs/C:/Users/Neilwinn%20Pineda/Documents/ProjectRevit/testing/app-next/.angular/cache/21.2.16/app-next/vite/deps/chunk-DWICV4V4.js?v=e9032041:23352:5)
    at http://localhost:4202/@fs/C:/Users/Neilwinn%20Pineda/Documents/ProjectRevit/testing/app-next/.angular/cache/21.2.16/app-next/vite/deps/chunk-DWICV4V4.js?v=e9032041:23347:20
Please consider reporting the error at https://github.com/angular/angular-cli/issues[39m[22m
[1m[33m[33m▲ [43;33m[[43;30mWARNING[43;33m][0m [1mNG8107: NG8107: The left side of this optional chain operation does not include 'null' or 'undefined' in its type, therefore the '?.' operator can be replaced with the '.' operator. Find more at https://v21.angular.dev/extended-diagnostics/NG8107[0m [1m[35m[plugin angular-compiler][0m

    src/app/features/simulation-foundation/pages/simulation-foundation-page.component.html:115:46:
[37m      115 │ ..."let bubble of activeJob()?.[32mbubbles[37m ?? []" class="simulation-b...
          ╵                                [32m~~~~~~~[0m

  Warning occurs in the template of component SimulationFoundationPageComponent.

    src/app/features/simulation-foundation/pages/simulation-foundation-page.component.ts:25:15:
[37m      25 │   templateUrl: [32m'./simulation-foundation-page.component.html'[37m,
         ╵                [32m~~~~~~~~~~~~~~~~~~~~~~~~~~~~~~~~~~~~~~~~~~~~~[0m

[39m[22m
[1m[33m[33m▲ [43;33m[[43;30mWARNING[43;33m][0m [1mNG8107: NG8107: The left side of this optional chain operation does not include 'null' or 'undefined' in its type, therefore the '?.' operator can be replaced with the '.' operator. Find more at https://v21.angular.dev/extended-diagnostics/NG8107[0m [1m[35m[plugin angular-compiler][0m

    src/app/features/simulation-foundation/pages/simulation-foundation-page.component.html:115:46:
[37m      115 │ ..."let bubble of activeJob()?.[32mbubbles[37m ?? []" class="simulation-b...
          ╵                                [32m~~~~~~~[0m

  Warning occurs in the template of component SimulationFoundationPageComponent.

    src/app/features/simulation-foundation/pages/simulation-foundation-page.component.ts:25:15:
[37m      25 │   templateUrl: [32m'./simulation-foundation-page.component.html'[37m,
         ╵                [32m~~~~~~~~~~~~~~~~~~~~~~~~~~~~~~~~~~~~~~~~~~~~~[0m

[39m[22m
[1m[33m[33m▲ [43;33m[[43;30mWARNING[43;33m][0m [1mNG8107: NG8107: The left side of this optional chain operation does not include 'null' or 'undefined' in its type, therefore the '?.' operator can be replaced with the '.' operator. Find more at https://v21.angular.dev/extended-diagnostics/NG8107[0m [1m[35m[plugin angular-compiler][0m

    src/app/features/simulation-foundation/pages/simulation-foundation-page.component.html:115:46:
[37m      115 │ ..."let bubble of activeJob()?.[32mbubbles[37m ?? []" class="simulation-b...
          ╵                                [32m~~~~~~~[0m

  Warning occurs in the template of component SimulationFoundationPageComponent.

    src/app/features/simulation-foundation/pages/simulation-foundation-page.component.ts:25:15:
[37m      25 │   templateUrl: [32m'./simulation-foundation-page.component.html'[37m,
         ╵                [32m~~~~~~~~~~~~~~~~~~~~~~~~~~~~~~~~~~~~~~~~~~~~~[0m

[39m[22m
[1m[31m[31mX [41;31m[[41;97mERROR[41;31m][0m [1mTS2322: Type '{ instanceId: string; typeId: string; label: string; color: string; radiusMeters: number; targetAreaSquareMeters: number; band: CandidateBand; x: number; y: number; }[]' is not assignable to type 'CandidateSeedPoint[]'.
  Property 'biasProfile' is missing in type '{ instanceId: string; typeId: string; label: string; color: string; radiusMeters: number; targetAreaSquareMeters: number; band: CandidateBand; x: number; y: number; }' but required in type 'CandidateSeedPoint'.[0m [1m[35m[plugin angular-compiler][0m

    src/app/core/generation/candidate-layout.factory.ts:58:2:
[37m      58 │   [32mreturn[37m roomInstances
         ╵   [32m~~~~~~[0m

  'biasProfile' is declared here.

    src/app/core/generation/models/candidate-layout.model.ts:19:2:
[37m      19 │   [32mbiasProfile[37m: CandidateSeedBiasProfile;
         ╵   [32m~~~~~~~~~~~[0m

[39m[22m
[1m[31m[31mX [41;31m[[41;97mERROR[41;31m][0m [1mTS2741: Property 'weight' is missing in type '{ horizontalAnchor: number; verticalAnchor: number; edgeBias: "frontage"; note: string; }' but required in type 'CandidateSeedBiasProfile'.[0m [1m[35m[plugin angular-compiler][0m

    src/app/core/generation/candidate-layout.factory.ts:89:4:
[37m      89 │     [32mreturn[37m {
         ╵     [32m~~~~~~[0m

  'weight' is declared here.

    src/app/core/generation/models/candidate-layout.model.ts:8:2:
[37m      8 │   [32mweight[37m: number;
        ╵   [32m~~~~~~[0m


[31mX [41;31m[[41;97mERROR[41;31m][0m [1mTS2741: Property 'weight' is missing in type '{ horizontalAnchor: number; verticalAnchor: number; edgeBias: "perimeter"; note: string; }' but required in type 'CandidateSeedBiasProfile'.[0m [1m[35m[plugin angular-compiler][0m

    src/app/core/generation/candidate-layout.factory.ts:98:4:
[37m      98 │     [32mreturn[37m {
         ╵     [32m~~~~~~[0m

  'weight' is declared here.

    src/app/core/generation/models/candidate-layout.model.ts:8:2:
[37m      8 │   [32mweight[37m: number;
        ╵   [32m~~~~~~[0m


[31mX [41;31m[[41;97mERROR[41;31m][0m [1mTS2741: Property 'weight' is missing in type '{ horizontalAnchor: number; verticalAnchor: number; edgeBias: "perimeter" | "interior"; note: string; }' but required in type 'CandidateSeedBiasProfile'.[0m [1m[35m[plugin angular-compiler][0m

    src/app/core/generation/candidate-layout.factory.ts:106:2:
[37m      106 │   [32mreturn[37m {
          ╵   [32m~~~~~~[0m

  'weight' is declared here.

    src/app/core/generation/models/candidate-layout.model.ts:8:2:
[37m      8 │   [32mweight[37m: number;
        ╵   [32m~~~~~~[0m

[39m[22m
[1m[31m[31mX [41;31m[[41;97mERROR[41;31m][0m [1mTS2339: Property 'seed' does not exist on type 'CandidateSeedPoint'.[0m [1m[35m[plugin angular-compiler][0m

    src/app/core/simulation/simulation-physics.factory.ts:49:38:
[37m      49 │ ...t((left, right) => right.seed.[32mseed[37m.biasProfile?.weight - left.s...
         ╵                                  [32m~~~~[0m


[31mX [41;31m[[41;97mERROR[41;31m][0m [1mTS2339: Property 'seed' does not exist on type 'CandidateSeedPoint'.[0m [1m[35m[plugin angular-compiler][0m

    src/app/core/simulation/simulation-physics.factory.ts:49:75:
[37m      49 │ ...ed.seed.biasProfile?.weight - left.seed.[32mseed[37m.biasProfile?.weight);
         ╵                                            [32m~~~~[0m

[39m[22m
[1m[31m[31mX [41;31m[[41;97mERROR[41;31m][0m [1mTS2339: Property 'seed' does not exist on type 'CandidateSeedPoint'.[0m [1m[35m[plugin angular-compiler][0m

    src/app/core/simulation/simulation-physics.factory.ts:49:38:
[37m      49 │ ...t((left, right) => right.seed.[32mseed[37m.biasProfile?.weight - left.s...
         ╵                                  [32m~~~~[0m


[31mX [41;31m[[41;97mERROR[41;31m][0m [1mTS2339: Property 'seed' does not exist on type 'CandidateSeedPoint'.[0m [1m[35m[plugin angular-compiler][0m

    src/app/core/simulation/simulation-physics.factory.ts:49:75:
[37m      49 │ ...ed.seed.biasProfile?.weight - left.seed.[32mseed[37m.biasProfile?.weight);
         ╵                                            [32m~~~~[0m

[39m[22m
[1m[31m[31mX [41;31m[[41;97mERROR[41;31m][0m [1mTS2352: Conversion of type '{ meta: { id: string; version: string; title: string; summary: string; authoringMode: string; }; intent: { projectKind: string; primaryGoal: string; narrative: string; priorities: string[]; downstreamTargets: string[]; }; aiComments: { ...; }[]; roomCatalog: { ...; }[]; settings: { ...; }; }' to type 'PromptDesignSource' may be a mistake because neither type sufficiently overlaps with the other. If this was intentional, convert the expression to 'unknown' first.
  The types of 'settings.simulation.forces' are incompatible between these types.
    Property 'vistaEdgeAttractionForce' is missing in type '{ simSubsteps: number; damping: number; maxSpeed: number; resetRandomVelocity: number; shakeRoomMagnitude: number; shakePkgMagnitude: number; shakeMagnitudeRandom: number; shakeEveryFifthSideKick: number; ... 28 more ...; frontEdgeTouchTolerance: number; }' but required in type '{ simSubsteps: number; damping: number; maxSpeed: number; resetRandomVelocity: number; shakeRoomMagnitude: number; shakePkgMagnitude: number; shakeMagnitudeRandom: number; shakeEveryFifthSideKick: number; ... 29 more ...; frontEdgeTouchTolerance: number; }'.[0m [1m[35m[plugin angular-compiler][0m

    src/app/core/source/source-data.ts:9:29:
[37m      9 │ export const DESIGN_SOURCE = [32mrawDesignSource as PromptDesignSource[37m;
        ╵                              [32m~~~~~~~~~~~~~~~~~~~~~~~~~~~~~~~~~~~~~[0m

  'vistaEdgeAttractionForce' is declared here.

    src/app/core/source/models/design-source.model.ts:151:6:
[37m      151 │       [32mvistaEdgeAttractionForce[37m: number;
          ╵       [32m~~~~~~~~~~~~~~~~~~~~~~~~[0m

[39m[22m
[1m[31m[31mX [41;31m[[41;97mERROR[41;31m][0m [1mTS2307: Cannot find module './simulation-stage.service' or its corresponding type declarations.[0m [1m[35m[plugin angular-compiler][0m

    src/app/core/simulation/simulation.exports.ts:36:39:
[37m      36 │ export { SimulationStageService } from [32m'./simulation-stage.service'[37m;
         ╵                                        [32m~~~~~~~~~~~~~~~~~~~~~~~~~~~~[0m


[31mX [41;31m[[41;97mERROR[41;31m][0m [1mTS2571: Object is of type 'unknown'.[0m [1m[35m[plugin angular-compiler][0m

    src/app/features/simulation-foundation/pages/simulation-foundation-page.component.ts:38:32:
[37m      38 │   protected readonly snapshot = [32mthis.simulationStageService[37m.snapshot;
         ╵                                 [32m~~~~~~~~~~~~~~~~~~~~~~~~~~~[0m


[31mX [41;31m[[41;97mERROR[41;31m][0m [1mTS7006: Parameter 'bubble' implicitly has an 'any' type.[0m [1m[35m[plugin angular-compiler][0m

    src/app/features/simulation-foundation/pages/simulation-foundation-page.component.ts:43:57:
[37m      43 │ ...= activeJob?.bubbles.filter(([32mbubble[37m) => bubble.placed).length ?...
         ╵                                 [32m~~~~~~[0m


[31mX [41;31m[[41;97mERROR[41;31m][0m [1mTS2571: Object is of type 'unknown'.[0m [1m[35m[plugin angular-compiler][0m

    src/app/features/simulation-foundation/pages/simulation-foundation-page.component.ts:92:4:
[37m      92 │     [32mthis.simulationStageService[37m.startSimulation();
         ╵     [32m~~~~~~~~~~~~~~~~~~~~~~~~~~~[0m


[31mX [41;31m[[41;97mERROR[41;31m][0m [1mTS2571: Object is of type 'unknown'.[0m [1m[35m[plugin angular-compiler][0m

    src/app/features/simulation-foundation/pages/simulation-foundation-page.component.ts:96:4:
[37m      96 │     [32mthis.simulationStageService[37m.stopSimulation();
         ╵     [32m~~~~~~~~~~~~~~~~~~~~~~~~~~~[0m


[31mX [41;31m[[41;97mERROR[41;31m][0m [1mTS2571: Object is of type 'unknown'.[0m [1m[35m[plugin angular-compiler][0m

    src/app/features/simulation-foundation/pages/simulation-foundation-page.component.ts:100:4:
[37m      100 │     [32mthis.simulationStageService[37m.resetActiveJob();
          ╵     [32m~~~~~~~~~~~~~~~~~~~~~~~~~~~[0m


[31mX [41;31m[[41;97mERROR[41;31m][0m [1mTS2571: Object is of type 'unknown'.[0m [1m[35m[plugin angular-compiler][0m

    src/app/features/simulation-foundation/pages/simulation-foundation-page.component.ts:104:4:
[37m      104 │     [32mthis.simulationStageService[37m.shakeActiveJob();
          ╵     [32m~~~~~~~~~~~~~~~~~~~~~~~~~~~[0m


[31mX [41;31m[[41;97mERROR[41;31m][0m [1mTS2571: Object is of type 'unknown'.[0m [1m[35m[plugin angular-compiler][0m

    src/app/features/simulation-foundation/pages/simulation-foundation-page.component.ts:108:4:
[37m      108 │     [32mthis.simulationStageService[37m.toggleCaptureLoop();
          ╵     [32m~~~~~~~~~~~~~~~~~~~~~~~~~~~[0m


[31mX [41;31m[[41;97mERROR[41;31m][0m [1mTS2571: Object is of type 'unknown'.[0m [1m[35m[plugin angular-compiler][0m

    src/app/features/simulation-foundation/pages/simulation-foundation-page.component.ts:112:4:
[37m      112 │     [32mthis.simulationStageService[37m.activateJob(index);
          ╵     [32m~~~~~~~~~~~~~~~~~~~~~~~~~~~[0m


[31mX [41;31m[[41;97mERROR[41;31m][0m [1mTS2571: Object is of type 'unknown'.[0m [1m[35m[plugin angular-compiler][0m

    src/app/shell/app-shell.component.ts:15:42:
[37m      15 │ ...eadonly simulationSnapshot = [32mthis.simulationStageService[37m.snapshot;
         ╵                                 [32m~~~~~~~~~~~~~~~~~~~~~~~~~~~[0m


[31mX [41;31m[[41;97mERROR[41;31m][0m [1mTS2571: Object is of type 'unknown'.[0m [1m[35m[plugin angular-compiler][0m

    src/app/shell/app-shell.component.ts:40:4:
[37m      40 │     [32mthis.simulationStageService[37m.ensureAutoRun();
         ╵     [32m~~~~~~~~~~~~~~~~~~~~~~~~~~~[0m


[31mX [41;31m[[41;97mERROR[41;31m][0m [1mTS2571: Object is of type 'unknown'.[0m [1m[35m[plugin angular-compiler][0m

    src/app/shell/app-shell.component.ts:44:4:
[37m      44 │     [32mthis.simulationStageService[37m.startSimulationSystem();
         ╵     [32m~~~~~~~~~~~~~~~~~~~~~~~~~~~[0m


[31mX [41;31m[[41;97mERROR[41;31m][0m [1mTS2571: Object is of type 'unknown'.[0m [1m[35m[plugin angular-compiler][0m

    src/app/shell/app-shell.component.ts:48:4:
[37m      48 │     [32mthis.simulationStageService[37m.stopSimulationSystem();
         ╵     [32m~~~~~~~~~~~~~~~~~~~~~~~~~~~[0m


[31mX [41;31m[[41;97mERROR[41;31m][0m [1mTS2571: Object is of type 'unknown'.[0m [1m[35m[plugin angular-compiler][0m

    src/app/shell/app-shell.component.ts:52:4:
[37m      52 │     [32mthis.simulationStageService[37m.shakeActiveJob();
         ╵     [32m~~~~~~~~~~~~~~~~~~~~~~~~~~~[0m


[31mX [41;31m[[41;97mERROR[41;31m][0m [1mTS2571: Object is of type 'unknown'.[0m [1m[35m[plugin angular-compiler][0m

    src/app/shell/app-shell.component.ts:56:4:
[37m      56 │     [32mthis.simulationStageService[37m.resetActiveJob();
         ╵     [32m~~~~~~~~~~~~~~~~~~~~~~~~~~~[0m


[31mX [41;31m[[41;97mERROR[41;31m][0m [1mTS2571: Object is of type 'unknown'.[0m [1m[35m[plugin angular-compiler][0m

    src/app/shell/app-shell.component.ts:60:4:
[37m      60 │     [32mthis.simulationStageService[37m.toggleCaptureLoop();
         ╵     [32m~~~~~~~~~~~~~~~~~~~~~~~~~~~[0m


[31mX [41;31m[[41;97mERROR[41;31m][0m [1mCould not resolve "./simulation-stage.service"[0m

    src/app/core/simulation/simulation.exports.ts:5:39:
[37m      5 │ export { SimulationStageService } from [32m'./simulation-stage.service'[37m;
        ╵                                        [32m~~~~~~~~~~~~~~~~~~~~~~~~~~~~[0m

[39m[22m
[1m[31m[31mX [41;31m[[41;97mERROR[41;31m][0m [1mTS2307: Cannot find module './simulation-stage.service' or its corresponding type declarations.[0m [1m[35m[plugin angular-compiler][0m

    src/app/core/simulation/simulation.exports.ts:36:39:
[37m      36 │ export { SimulationStageService } from [32m'./simulation-stage.service'[37m;
         ╵                                        [32m~~~~~~~~~~~~~~~~~~~~~~~~~~~~[0m


[31mX [41;31m[[41;97mERROR[41;31m][0m [1mTS2571: Object is of type 'unknown'.[0m [1m[35m[plugin angular-compiler][0m

    src/app/features/simulation-foundation/pages/simulation-foundation-page.component.ts:38:32:
[37m      38 │   protected readonly snapshot = [32mthis.simulationStageService[37m.snapshot;
         ╵                                 [32m~~~~~~~~~~~~~~~~~~~~~~~~~~~[0m


[31mX [41;31m[[41;97mERROR[41;31m][0m [1mTS7006: Parameter 'bubble' implicitly has an 'any' type.[0m [1m[35m[plugin angular-compiler][0m

    src/app/features/simulation-foundation/pages/simulation-foundation-page.component.ts:43:57:
[37m      43 │ ...= activeJob?.bubbles.filter(([32mbubble[37m) => bubble.placed).length ?...
         ╵                                 [32m~~~~~~[0m


[31mX [41;31m[[41;97mERROR[41;31m][0m [1mTS2571: Object is of type 'unknown'.[0m [1m[35m[plugin angular-compiler][0m

    src/app/features/simulation-foundation/pages/simulation-foundation-page.component.ts:92:4:
[37m      92 │     [32mthis.simulationStageService[37m.startSimulation();
         ╵     [32m~~~~~~~~~~~~~~~~~~~~~~~~~~~[0m


[31mX [41;31m[[41;97mERROR[41;31m][0m [1mTS2571: Object is of type 'unknown'.[0m [1m[35m[plugin angular-compiler][0m

    src/app/features/simulation-foundation/pages/simulation-foundation-page.component.ts:96:4:
[37m      96 │     [32mthis.simulationStageService[37m.stopSimulation();
         ╵     [32m~~~~~~~~~~~~~~~~~~~~~~~~~~~[0m


[31mX [41;31m[[41;97mERROR[41;31m][0m [1mTS2571: Object is of type 'unknown'.[0m [1m[35m[plugin angular-compiler][0m

    src/app/features/simulation-foundation/pages/simulation-foundation-page.component.ts:100:4:
[37m      100 │     [32mthis.simulationStageService[37m.resetActiveJob();
          ╵     [32m~~~~~~~~~~~~~~~~~~~~~~~~~~~[0m


[31mX [41;31m[[41;97mERROR[41;31m][0m [1mTS2571: Object is of type 'unknown'.[0m [1m[35m[plugin angular-compiler][0m

    src/app/features/simulation-foundation/pages/simulation-foundation-page.component.ts:104:4:
[37m      104 │     [32mthis.simulationStageService[37m.shakeActiveJob();
          ╵     [32m~~~~~~~~~~~~~~~~~~~~~~~~~~~[0m


[31mX [41;31m[[41;97mERROR[41;31m][0m [1mTS2571: Object is of type 'unknown'.[0m [1m[35m[plugin angular-compiler][0m

    src/app/features/simulation-foundation/pages/simulation-foundation-page.component.ts:108:4:
[37m      108 │     [32mthis.simulationStageService[37m.toggleCaptureLoop();
          ╵     [32m~~~~~~~~~~~~~~~~~~~~~~~~~~~[0m


[31mX [41;31m[[41;97mERROR[41;31m][0m [1mTS2571: Object is of type 'unknown'.[0m [1m[35m[plugin angular-compiler][0m

    src/app/features/simulation-foundation/pages/simulation-foundation-page.component.ts:112:4:
[37m      112 │     [32mthis.simulationStageService[37m.activateJob(index);
          ╵     [32m~~~~~~~~~~~~~~~~~~~~~~~~~~~[0m


[31mX [41;31m[[41;97mERROR[41;31m][0m [1mTS2571: Object is of type 'unknown'.[0m [1m[35m[plugin angular-compiler][0m

    src/app/shell/app-shell.component.ts:15:42:
[37m      15 │ ...eadonly simulationSnapshot = [32mthis.simulationStageService[37m.snapshot;
         ╵                                 [32m~~~~~~~~~~~~~~~~~~~~~~~~~~~[0m


[31mX [41;31m[[41;97mERROR[41;31m][0m [1mTS2571: Object is of type 'unknown'.[0m [1m[35m[plugin angular-compiler][0m

    src/app/shell/app-shell.component.ts:40:4:
[37m      40 │     [32mthis.simulationStageService[37m.ensureAutoRun();
         ╵     [32m~~~~~~~~~~~~~~~~~~~~~~~~~~~[0m


[31mX [41;31m[[41;97mERROR[41;31m][0m [1mTS2571: Object is of type 'unknown'.[0m [1m[35m[plugin angular-compiler][0m

    src/app/shell/app-shell.component.ts:44:4:
[37m      44 │     [32mthis.simulationStageService[37m.startSimulationSystem();
         ╵     [32m~~~~~~~~~~~~~~~~~~~~~~~~~~~[0m


[31mX [41;31m[[41;97mERROR[41;31m][0m [1mTS2571: Object is of type 'unknown'.[0m [1m[35m[plugin angular-compiler][0m

    src/app/shell/app-shell.component.ts:48:4:
[37m      48 │     [32mthis.simulationStageService[37m.stopSimulationSystem();
         ╵     [32m~~~~~~~~~~~~~~~~~~~~~~~~~~~[0m


[31mX [41;31m[[41;97mERROR[41;31m][0m [1mTS2571: Object is of type 'unknown'.[0m [1m[35m[plugin angular-compiler][0m

    src/app/shell/app-shell.component.ts:52:4:
[37m      52 │     [32mthis.simulationStageService[37m.shakeActiveJob();
         ╵     [32m~~~~~~~~~~~~~~~~~~~~~~~~~~~[0m


[31mX [41;31m[[41;97mERROR[41;31m][0m [1mTS2571: Object is of type 'unknown'.[0m [1m[35m[plugin angular-compiler][0m

    src/app/shell/app-shell.component.ts:56:4:
[37m      56 │     [32mthis.simulationStageService[37m.resetActiveJob();
         ╵     [32m~~~~~~~~~~~~~~~~~~~~~~~~~~~[0m


[31mX [41;31m[[41;97mERROR[41;31m][0m [1mTS2571: Object is of type 'unknown'.[0m [1m[35m[plugin angular-compiler][0m

    src/app/shell/app-shell.component.ts:60:4:
[37m      60 │     [32mthis.simulationStageService[37m.toggleCaptureLoop();
         ╵     [32m~~~~~~~~~~~~~~~~~~~~~~~~~~~[0m


[31mX [41;31m[[41;97mERROR[41;31m][0m [1mCould not resolve "./simulation-stage.service"[0m

    src/app/core/simulation/simulation.exports.ts:5:39:
[37m      5 │ export { SimulationStageService } from [32m'./simulation-stage.service'[37m;
        ╵                                        [32m~~~~~~~~~~~~~~~~~~~~~~~~~~~~[0m

[39m[22m
[1m[31m[31mX [41;31m[[41;97mERROR[41;31m][0m [1mTS2341: Property 'simulationStageService' is private and only accessible within class 'SimulationFoundationPageComponent'.[0m [1m[35m[plugin angular-compiler][0m

    src/app/features/simulation-foundation/pages/simulation-foundation-page.component.html:6:45:
[37m      6 │ ...to-expands toward {{ [32msimulationStageService[37m.autoSpawnTargetCount...
        ╵                         [32m~~~~~~~~~~~~~~~~~~~~~~[0m

  Error occurs in the template of component SimulationFoundationPageComponent.

    src/app/features/simulation-foundation/pages/simulation-foundation-page.component.ts:36:15:
[37m      36 │   templateUrl: [32m'./simulation-foundation-page.component.html'[37m,
         ╵                [32m~~~~~~~~~~~~~~~~~~~~~~~~~~~~~~~~~~~~~~~~~~~~~[0m


[31mX [41;31m[[41;97mERROR[41;31m][0m [1mTS2341: Property 'simulationStageService' is private and only accessible within class 'SimulationFoundationPageComponent'.[0m [1m[35m[plugin angular-compiler][0m

    src/app/features/simulation-foundation/pages/simulation-foundation-page.component.html:7:9:
[37m      7 │       {{ [32msimulationStageService[37m.autoSpawnInterval / 1000 }}-second ...
        ╵          [32m~~~~~~~~~~~~~~~~~~~~~~[0m

  Error occurs in the template of component SimulationFoundationPageComponent.

    src/app/features/simulation-foundation/pages/simulation-foundation-page.component.ts:36:15:
[37m      36 │   templateUrl: [32m'./simulation-foundation-page.component.html'[37m,
         ╵                [32m~~~~~~~~~~~~~~~~~~~~~~~~~~~~~~~~~~~~~~~~~~~~~[0m

[39m[22m
[1m[31m[31mX [41;31m[[41;97mERROR[41;31m][0m [1mTS2341: Property 'simulationStageService' is private and only accessible within class 'SimulationFoundationPageComponent'.[0m [1m[35m[plugin angular-compiler][0m

    src/app/features/simulation-foundation/pages/simulation-foundation-page.component.html:6:45:
[37m      6 │ ...to-expands toward {{ [32msimulationStageService[37m.autoSpawnTargetCount...
        ╵                         [32m~~~~~~~~~~~~~~~~~~~~~~[0m

  Error occurs in the template of component SimulationFoundationPageComponent.

    src/app/features/simulation-foundation/pages/simulation-foundation-page.component.ts:36:15:
[37m      36 │   templateUrl: [32m'./simulation-foundation-page.component.html'[37m,
         ╵                [32m~~~~~~~~~~~~~~~~~~~~~~~~~~~~~~~~~~~~~~~~~~~~~[0m


[31mX [41;31m[[41;97mERROR[41;31m][0m [1mTS2341: Property 'simulationStageService' is private and only accessible within class 'SimulationFoundationPageComponent'.[0m [1m[35m[plugin angular-compiler][0m

    src/app/features/simulation-foundation/pages/simulation-foundation-page.component.html:7:9:
[37m      7 │       {{ [32msimulationStageService[37m.autoSpawnInterval / 1000 }}-second ...
        ╵          [32m~~~~~~~~~~~~~~~~~~~~~~[0m

  Error occurs in the template of component SimulationFoundationPageComponent.

    src/app/features/simulation-foundation/pages/simulation-foundation-page.component.ts:36:15:
[37m      36 │   templateUrl: [32m'./simulation-foundation-page.component.html'[37m,
         ╵                [32m~~~~~~~~~~~~~~~~~~~~~~~~~~~~~~~~~~~~~~~~~~~~~[0m

[39m[22m
