[1m[31m[31mX [41;31m[[41;97mERROR[41;31m][0m [1mTS2339: Property 'onLotPointChanged' does not exist on type 'GeometryLotPageComponent'.[0m [1m[35m[plugin angular-compiler][0m

    src/app/features/geometry-lot/pages/geometry-lot-page.component.html:161:26:
[37m      161 │                 (change)="[32monLotPointChanged[37m(pointIndex, 'x', $eve...
          ╵                           [32m~~~~~~~~~~~~~~~~~[0m

  Error occurs in the template of component GeometryLotPageComponent.

    src/app/features/geometry-lot/pages/geometry-lot-page.component.ts:75:15:
[37m      75 │   templateUrl: [32m'./geometry-lot-page.component.html'[37m,
         ╵                [32m~~~~~~~~~~~~~~~~~~~~~~~~~~~~~~~~~~~~[0m


[31mX [41;31m[[41;97mERROR[41;31m][0m [1mTS2339: Property 'onLotPointChanged' does not exist on type 'GeometryLotPageComponent'.[0m [1m[35m[plugin angular-compiler][0m

    src/app/features/geometry-lot/pages/geometry-lot-page.component.html:171:26:
[37m      171 │                 (change)="[32monLotPointChanged[37m(pointIndex, 'y', $eve...
          ╵                           [32m~~~~~~~~~~~~~~~~~[0m

  Error occurs in the template of component GeometryLotPageComponent.

    src/app/features/geometry-lot/pages/geometry-lot-page.component.ts:75:15:
[37m      75 │   templateUrl: [32m'./geometry-lot-page.component.html'[37m,
         ╵                [32m~~~~~~~~~~~~~~~~~~~~~~~~~~~~~~~~~~~~[0m


[31mX [41;31m[[41;97mERROR[41;31m][0m [1mTS2339: Property 'addLotPoint' does not exist on type 'GeometryLotPageComponent'.[0m [1m[35m[plugin angular-compiler][0m

    src/app/features/geometry-lot/pages/geometry-lot-page.component.html:180:25:
[37m      180 │                 (click)="[32maddLotPoint[37m(pointIndex)"
          ╵                          [32m~~~~~~~~~~~[0m

  Error occurs in the template of component GeometryLotPageComponent.

    src/app/features/geometry-lot/pages/geometry-lot-page.component.ts:75:15:
[37m      75 │   templateUrl: [32m'./geometry-lot-page.component.html'[37m,
         ╵                [32m~~~~~~~~~~~~~~~~~~~~~~~~~~~~~~~~~~~~[0m


[31mX [41;31m[[41;97mERROR[41;31m][0m [1mTS2339: Property 'canRemoveLotPoint' does not exist on type 'GeometryLotPageComponent'.[0m [1m[35m[plugin angular-compiler][0m

    src/app/features/geometry-lot/pages/geometry-lot-page.component.html:187:29:
[37m      187 │                 [disabled]="![32mcanRemoveLotPoint[37m(pointIndex)"
          ╵                              [32m~~~~~~~~~~~~~~~~~[0m

  Error occurs in the template of component GeometryLotPageComponent.

    src/app/features/geometry-lot/pages/geometry-lot-page.component.ts:75:15:
[37m      75 │   templateUrl: [32m'./geometry-lot-page.component.html'[37m,
         ╵                [32m~~~~~~~~~~~~~~~~~~~~~~~~~~~~~~~~~~~~[0m


[31mX [41;31m[[41;97mERROR[41;31m][0m [1mTS2339: Property 'removeLotPoint' does not exist on type 'GeometryLotPageComponent'.[0m [1m[35m[plugin angular-compiler][0m

    src/app/features/geometry-lot/pages/geometry-lot-page.component.html:189:25:
[37m      189 │                 (click)="[32mremoveLotPoint[37m(pointIndex)"
          ╵                          [32m~~~~~~~~~~~~~~[0m

  Error occurs in the template of component GeometryLotPageComponent.

    src/app/features/geometry-lot/pages/geometry-lot-page.component.ts:75:15:
[37m      75 │   templateUrl: [32m'./geometry-lot-page.component.html'[37m,
         ╵                [32m~~~~~~~~~~~~~~~~~~~~~~~~~~~~~~~~~~~~[0m

[39m[22m
[1m[31m[31mX [41;31m[[41;97mERROR[41;31m][0m [1mTS2339: Property 'bearing' does not exist on type 'PreviewEdgeAnnotation'.[0m [1m[35m[plugin angular-compiler][0m

    src/app/features/geometry-lot/pages/geometry-lot-page.component.html:114:22:
[37m      114 │               {{ edge.[32mbearing[37m }}
          ╵                       [32m~~~~~~~[0m

  Error occurs in the template of component GeometryLotPageComponent.

    src/app/features/geometry-lot/pages/geometry-lot-page.component.ts:86:15:
[37m      86 │   templateUrl: [32m'./geometry-lot-page.component.html'[37m,
         ╵                [32m~~~~~~~~~~~~~~~~~~~~~~~~~~~~~~~~~~~~[0m

[39m[22m
[1m[31m[31mX [41;31m[[41;97mERROR[41;31m][0m [1mTS2339: Property 'isRrow' does not exist on type 'LotSegmentEditorRow'.[0m [1m[35m[plugin angular-compiler][0m

    src/app/features/geometry-lot/pages/geometry-lot-page.component.html:264:31:
[37m      264 │                 [checked]="row.[32misRrow[37m"
          ╵                                [32m~~~~~~[0m

  Error occurs in the template of component GeometryLotPageComponent.

    src/app/features/geometry-lot/pages/geometry-lot-page.component.ts:94:15:
[37m      94 │   templateUrl: [32m'./geometry-lot-page.component.html'[37m,
         ╵                [32m~~~~~~~~~~~~~~~~~~~~~~~~~~~~~~~~~~~~[0m


[31mX [41;31m[[41;97mERROR[41;31m][0m [1mTS2339: Property 'isRrow' does not exist on type 'LotSegmentEditorRow'.[0m [1m[35m[plugin angular-compiler][0m

    src/app/features/geometry-lot/pages/geometry-lot-page.component.html:267:27:
[37m      267 │               <span>{{ row.[32misRrow[37m ? 'Front edge' : 'Not front' }}...
          ╵                            [32m~~~~~~[0m

  Error occurs in the template of component GeometryLotPageComponent.

    src/app/features/geometry-lot/pages/geometry-lot-page.component.ts:94:15:
[37m      94 │   templateUrl: [32m'./geometry-lot-page.component.html'[37m,
         ╵                [32m~~~~~~~~~~~~~~~~~~~~~~~~~~~~~~~~~~~~[0m

[39m[22m
[1m[31m[31mX [41;31m[[41;97mERROR[41;31m][0m [1mNG2008: Could not find stylesheet file './foundation-page.component.scss'.[0m [1m[35m[plugin angular-compiler][0m

    src/app/features/foundation/pages/foundation-page.component.ts:14:12:
[37m      14 │   styleUrl: [32m'./foundation-page.component.scss'[37m,
         ╵             [32m~~~~~~~~~~~~~~~~~~~~~~~~~~~~~~~~~~[0m

[39m[22m
[1m[31m[31mX [41;31m[[41;97mERROR[41;31m][0m [1mNG2008: Could not find stylesheet file './foundation-page.component.scss'.[0m [1m[35m[plugin angular-compiler][0m

    src/app/features/foundation/pages/foundation-page.component.ts:14:12:
[37m      14 │   styleUrl: [32m'./foundation-page.component.scss'[37m,
         ╵             [32m~~~~~~~~~~~~~~~~~~~~~~~~~~~~~~~~~~[0m

[39m[22m
[1m[31m[31mX [41;31m[[41;97mERROR[41;31m][0m [1mNG2008: Could not find stylesheet file './foundation-page.component.scss'.[0m [1m[35m[plugin angular-compiler][0m

    src/app/features/foundation/pages/foundation-page.component.ts:14:12:
[37m      14 │   styleUrl: [32m'./foundation-page.component.scss'[37m,
         ╵             [32m~~~~~~~~~~~~~~~~~~~~~~~~~~~~~~~~~~[0m

[39m[22m
[1m[31m[31mX [41;31m[[41;97mERROR[41;31m][0m [1mNG2008: Could not find stylesheet file './foundation-page.component.scss'.[0m [1m[35m[plugin angular-compiler][0m

    src/app/features/foundation/pages/foundation-page.component.ts:14:12:
[37m      14 │   styleUrl: [32m'./foundation-page.component.scss'[37m,
         ╵             [32m~~~~~~~~~~~~~~~~~~~~~~~~~~~~~~~~~~[0m


[31mX [41;31m[[41;97mERROR[41;31m][0m [1mNG2008: Could not find stylesheet file './reporting-baseline-page.component.scss'.[0m [1m[35m[plugin angular-compiler][0m

    src/app/features/reporting-baseline/pages/reporting-baseline-page.component.ts:13:12:
[37m      13 │   styleUrl: [32m'./reporting-baseline-page.component.scss'[37m,
         ╵             [32m~~~~~~~~~~~~~~~~~~~~~~~~~~~~~~~~~~~~~~~~~~[0m

[39m[22m
[1m[31m[31mX [41;31m[[41;97mERROR[41;31m][0m [1mNG2008: Could not find stylesheet file './foundation-page.component.scss'.[0m [1m[35m[plugin angular-compiler][0m

    src/app/features/foundation/pages/foundation-page.component.ts:14:12:
[37m      14 │   styleUrl: [32m'./foundation-page.component.scss'[37m,
         ╵             [32m~~~~~~~~~~~~~~~~~~~~~~~~~~~~~~~~~~[0m


[31mX [41;31m[[41;97mERROR[41;31m][0m [1mNG2008: Could not find stylesheet file './reporting-baseline-page.component.scss'.[0m [1m[35m[plugin angular-compiler][0m

    src/app/features/reporting-baseline/pages/reporting-baseline-page.component.ts:13:12:
[37m      13 │   styleUrl: [32m'./reporting-baseline-page.component.scss'[37m,
         ╵             [32m~~~~~~~~~~~~~~~~~~~~~~~~~~~~~~~~~~~~~~~~~~[0m

[39m[22m
[1m[31m[31mX [41;31m[[41;97mERROR[41;31m][0m [1mNG2008: Could not find stylesheet file './foundation-page.component.scss'.[0m [1m[35m[plugin angular-compiler][0m

    src/app/features/foundation/pages/foundation-page.component.ts:14:12:
[37m      14 │   styleUrl: [32m'./foundation-page.component.scss'[37m,
         ╵             [32m~~~~~~~~~~~~~~~~~~~~~~~~~~~~~~~~~~[0m


[31mX [41;31m[[41;97mERROR[41;31m][0m [1mNG2008: Could not find stylesheet file './reporting-baseline-page.component.scss'.[0m [1m[35m[plugin angular-compiler][0m

    src/app/features/reporting-baseline/pages/reporting-baseline-page.component.ts:13:12:
[37m      13 │   styleUrl: [32m'./reporting-baseline-page.component.scss'[37m,
         ╵             [32m~~~~~~~~~~~~~~~~~~~~~~~~~~~~~~~~~~~~~~~~~~[0m

[39m[22m
[1m[31m[31mX [41;31m[[41;97mERROR[41;31m][0m [1mNG2008: Could not find stylesheet file './foundation-page.component.scss'.[0m [1m[35m[plugin angular-compiler][0m

    src/app/features/foundation/pages/foundation-page.component.ts:14:12:
[37m      14 │   styleUrl: [32m'./foundation-page.component.scss'[37m,
         ╵             [32m~~~~~~~~~~~~~~~~~~~~~~~~~~~~~~~~~~[0m


[31mX [41;31m[[41;97mERROR[41;31m][0m [1mNG2008: Could not find stylesheet file './reporting-baseline-page.component.scss'.[0m [1m[35m[plugin angular-compiler][0m

    src/app/features/reporting-baseline/pages/reporting-baseline-page.component.ts:13:12:
[37m      13 │   styleUrl: [32m'./reporting-baseline-page.component.scss'[37m,
         ╵             [32m~~~~~~~~~~~~~~~~~~~~~~~~~~~~~~~~~~~~~~~~~~[0m

[39m[22m
[1m[31m[31mX [41;31m[[41;97mERROR[41;31m][0m [1mNG2008: Could not find stylesheet file './foundation-page.component.scss'.[0m [1m[35m[plugin angular-compiler][0m

    src/app/features/foundation/pages/foundation-page.component.ts:14:12:
[37m      14 │   styleUrl: [32m'./foundation-page.component.scss'[37m,
         ╵             [32m~~~~~~~~~~~~~~~~~~~~~~~~~~~~~~~~~~[0m


[31mX [41;31m[[41;97mERROR[41;31m][0m [1mNG2008: Could not find stylesheet file './reporting-baseline-page.component.scss'.[0m [1m[35m[plugin angular-compiler][0m

    src/app/features/reporting-baseline/pages/reporting-baseline-page.component.ts:13:12:
[37m      13 │   styleUrl: [32m'./reporting-baseline-page.component.scss'[37m,
         ╵             [32m~~~~~~~~~~~~~~~~~~~~~~~~~~~~~~~~~~~~~~~~~~[0m

[39m[22m
[1m[31m[31mX [41;31m[[41;97mERROR[41;31m][0m [1mNG2008: Could not find stylesheet file './foundation-page.component.scss'.[0m [1m[35m[plugin angular-compiler][0m

    src/app/features/foundation/pages/foundation-page.component.ts:14:12:
[37m      14 │   styleUrl: [32m'./foundation-page.component.scss'[37m,
         ╵             [32m~~~~~~~~~~~~~~~~~~~~~~~~~~~~~~~~~~[0m


[31mX [41;31m[[41;97mERROR[41;31m][0m [1mNG2008: Could not find stylesheet file './reporting-baseline-page.component.scss'.[0m [1m[35m[plugin angular-compiler][0m

    src/app/features/reporting-baseline/pages/reporting-baseline-page.component.ts:13:12:
[37m      13 │   styleUrl: [32m'./reporting-baseline-page.component.scss'[37m,
         ╵             [32m~~~~~~~~~~~~~~~~~~~~~~~~~~~~~~~~~~~~~~~~~~[0m

[39m[22m
[1m[31m[31mX [41;31m[[41;97mERROR[41;31m][0m [1mNG2008: Could not find stylesheet file './foundation-page.component.scss'.[0m [1m[35m[plugin angular-compiler][0m

    src/app/features/foundation/pages/foundation-page.component.ts:14:12:
[37m      14 │   styleUrl: [32m'./foundation-page.component.scss'[37m,
         ╵             [32m~~~~~~~~~~~~~~~~~~~~~~~~~~~~~~~~~~[0m


[31mX [41;31m[[41;97mERROR[41;31m][0m [1mNG2008: Could not find stylesheet file './reporting-baseline-page.component.scss'.[0m [1m[35m[plugin angular-compiler][0m

    src/app/features/reporting-baseline/pages/reporting-baseline-page.component.ts:13:12:
[37m      13 │   styleUrl: [32m'./reporting-baseline-page.component.scss'[37m,
         ╵             [32m~~~~~~~~~~~~~~~~~~~~~~~~~~~~~~~~~~~~~~~~~~[0m

[39m[22m
[1m[31m[31mX [41;31m[[41;97mERROR[41;31m][0m [1mNG2008: Could not find stylesheet file './foundation-page.component.scss'.[0m [1m[35m[plugin angular-compiler][0m

    src/app/features/foundation/pages/foundation-page.component.ts:14:12:
[37m      14 │   styleUrl: [32m'./foundation-page.component.scss'[37m,
         ╵             [32m~~~~~~~~~~~~~~~~~~~~~~~~~~~~~~~~~~[0m


[31mX [41;31m[[41;97mERROR[41;31m][0m [1mNG2008: Could not find stylesheet file './reporting-baseline-page.component.scss'.[0m [1m[35m[plugin angular-compiler][0m

    src/app/features/reporting-baseline/pages/reporting-baseline-page.component.ts:13:12:
[37m      13 │   styleUrl: [32m'./reporting-baseline-page.component.scss'[37m,
         ╵             [32m~~~~~~~~~~~~~~~~~~~~~~~~~~~~~~~~~~~~~~~~~~[0m

[39m[22m
[1m[31m[31mX [41;31m[[41;97mERROR[41;31m][0m [1mNG2008: Could not find stylesheet file './foundation-page.component.scss'.[0m [1m[35m[plugin angular-compiler][0m

    src/app/features/foundation/pages/foundation-page.component.ts:14:12:
[37m      14 │   styleUrl: [32m'./foundation-page.component.scss'[37m,
         ╵             [32m~~~~~~~~~~~~~~~~~~~~~~~~~~~~~~~~~~[0m


[31mX [41;31m[[41;97mERROR[41;31m][0m [1mNG2008: Could not find stylesheet file './reporting-baseline-page.component.scss'.[0m [1m[35m[plugin angular-compiler][0m

    src/app/features/reporting-baseline/pages/reporting-baseline-page.component.ts:13:12:
[37m      13 │   styleUrl: [32m'./reporting-baseline-page.component.scss'[37m,
         ╵             [32m~~~~~~~~~~~~~~~~~~~~~~~~~~~~~~~~~~~~~~~~~~[0m

[39m[22m
[1m[31m[31mX [41;31m[[41;97mERROR[41;31m][0m [1mNG2008: Could not find stylesheet file './foundation-page.component.scss'.[0m [1m[35m[plugin angular-compiler][0m

    src/app/features/foundation/pages/foundation-page.component.ts:14:12:
[37m      14 │   styleUrl: [32m'./foundation-page.component.scss'[37m,
         ╵             [32m~~~~~~~~~~~~~~~~~~~~~~~~~~~~~~~~~~[0m


[31mX [41;31m[[41;97mERROR[41;31m][0m [1mNG2008: Could not find stylesheet file './reporting-baseline-page.component.scss'.[0m [1m[35m[plugin angular-compiler][0m

    src/app/features/reporting-baseline/pages/reporting-baseline-page.component.ts:13:12:
[37m      13 │   styleUrl: [32m'./reporting-baseline-page.component.scss'[37m,
         ╵             [32m~~~~~~~~~~~~~~~~~~~~~~~~~~~~~~~~~~~~~~~~~~[0m

[39m[22m
[1m[31m[31mX [41;31m[[41;97mERROR[41;31m][0m [1mNG2008: Could not find stylesheet file './foundation-page.component.scss'.[0m [1m[35m[plugin angular-compiler][0m

    src/app/features/foundation/pages/foundation-page.component.ts:14:12:
[37m      14 │   styleUrl: [32m'./foundation-page.component.scss'[37m,
         ╵             [32m~~~~~~~~~~~~~~~~~~~~~~~~~~~~~~~~~~[0m


[31mX [41;31m[[41;97mERROR[41;31m][0m [1mNG2008: Could not find stylesheet file './reporting-baseline-page.component.scss'.[0m [1m[35m[plugin angular-compiler][0m

    src/app/features/reporting-baseline/pages/reporting-baseline-page.component.ts:13:12:
[37m      13 │   styleUrl: [32m'./reporting-baseline-page.component.scss'[37m,
         ╵             [32m~~~~~~~~~~~~~~~~~~~~~~~~~~~~~~~~~~~~~~~~~~[0m

[39m[22m
[1m[31m[31mX [41;31m[[41;97mERROR[41;31m][0m [1mNG2008: Could not find stylesheet file './foundation-page.component.scss'.[0m [1m[35m[plugin angular-compiler][0m

    src/app/features/foundation/pages/foundation-page.component.ts:14:12:
[37m      14 │   styleUrl: [32m'./foundation-page.component.scss'[37m,
         ╵             [32m~~~~~~~~~~~~~~~~~~~~~~~~~~~~~~~~~~[0m


[31mX [41;31m[[41;97mERROR[41;31m][0m [1mNG2008: Could not find stylesheet file './reporting-baseline-page.component.scss'.[0m [1m[35m[plugin angular-compiler][0m

    src/app/features/reporting-baseline/pages/reporting-baseline-page.component.ts:13:12:
[37m      13 │   styleUrl: [32m'./reporting-baseline-page.component.scss'[37m,
         ╵             [32m~~~~~~~~~~~~~~~~~~~~~~~~~~~~~~~~~~~~~~~~~~[0m

[39m[22m
[1m[31m[31mX [41;31m[[41;97mERROR[41;31m][0m [1mNG2008: Could not find stylesheet file './foundation-page.component.scss'.[0m [1m[35m[plugin angular-compiler][0m

    src/app/features/foundation/pages/foundation-page.component.ts:14:12:
[37m      14 │   styleUrl: [32m'./foundation-page.component.scss'[37m,
         ╵             [32m~~~~~~~~~~~~~~~~~~~~~~~~~~~~~~~~~~[0m


[31mX [41;31m[[41;97mERROR[41;31m][0m [1mNG2008: Could not find stylesheet file './reporting-baseline-page.component.scss'.[0m [1m[35m[plugin angular-compiler][0m

    src/app/features/reporting-baseline/pages/reporting-baseline-page.component.ts:13:12:
[37m      13 │   styleUrl: [32m'./reporting-baseline-page.component.scss'[37m,
         ╵             [32m~~~~~~~~~~~~~~~~~~~~~~~~~~~~~~~~~~~~~~~~~~[0m

[39m[22m
[1m[31m[31mX [41;31m[[41;97mERROR[41;31m][0m [1mNG2008: Could not find stylesheet file './foundation-page.component.scss'.[0m [1m[35m[plugin angular-compiler][0m

    src/app/features/foundation/pages/foundation-page.component.ts:14:12:
[37m      14 │   styleUrl: [32m'./foundation-page.component.scss'[37m,
         ╵             [32m~~~~~~~~~~~~~~~~~~~~~~~~~~~~~~~~~~[0m


[31mX [41;31m[[41;97mERROR[41;31m][0m [1mNG2008: Could not find stylesheet file './reporting-baseline-page.component.scss'.[0m [1m[35m[plugin angular-compiler][0m

    src/app/features/reporting-baseline/pages/reporting-baseline-page.component.ts:13:12:
[37m      13 │   styleUrl: [32m'./reporting-baseline-page.component.scss'[37m,
         ╵             [32m~~~~~~~~~~~~~~~~~~~~~~~~~~~~~~~~~~~~~~~~~~[0m

[39m[22m
